Mon Aug  7 18:58:45 CST 2023
Mon Aug  7 18:58:45 2023       
+-----------------------------------------------------------------------------+
| NVIDIA-SMI 515.65.07    Driver Version: 515.65.07    CUDA Version: 11.7     |
|-------------------------------+----------------------+----------------------+
| GPU  Name        Persistence-M| Bus-Id        Disp.A | Volatile Uncorr. ECC |
| Fan  Temp  Perf  Pwr:Usage/Cap|         Memory-Usage | GPU-Util  Compute M. |
|                               |                      |               MIG M. |
|===============================+======================+======================|
|   0  NVIDIA A100 80G...  On   | 00000000:36:00.0 Off |                    0 |
| N/A   33C    P0    44W / 300W |      0MiB / 81920MiB |      0%      Default |
|                               |                      |             Disabled |
+-------------------------------+----------------------+----------------------+
                                                                               
+-----------------------------------------------------------------------------+
| Processes:                                                                  |
|  GPU   GI   CI        PID   Type   Process name                  GPU Memory |
|        ID   ID                                                   Usage      |
|=============================================================================|
|  No running processes found                                                 |
+-----------------------------------------------------------------------------+
----------------- Options ---------------
                   GPU_no: 0                             
                  GPU_num: 1                             
               batch_size: 8                             
                loss_func: MSE                           
                     lr_s: 0.001                         
              model_depth: 34                            
                 n_epochs: 200                           
                   n_exps: 1                             
                     note:                               
                  parsave: /public/bme/home/zhaonan/brain_age_est/codes/BRAIN_AGE_ESTIMATION_CONFERENCE/OUTPUT/threedim-20230807-185917	[default: None]
                     wd_s: 0.0001                        
----------------- End -------------------
******** Training on exp 1 ********
08/07 06:59:19 PM sMRI, param size = 63.470 MB
---------- Networks initialized -------------
ResNet(
  (conv1): Conv3d(1, 64, kernel_size=(7, 7, 7), stride=(2, 2, 2), padding=(3, 3, 3), bias=False)
  (bn1): BatchNorm3d(64, eps=1e-05, momentum=0.1, affine=True, track_running_stats=True)
  (relu): ReLU(inplace=True)
  (maxpool): MaxPool3d(kernel_size=(3, 3, 3), stride=2, padding=1, dilation=1, ceil_mode=False)
  (layer1): Sequential(
    (0): BasicBlock(
      (conv1): Conv3d(64, 64, kernel_size=(3, 3, 3), stride=(1, 1, 1), padding=(1, 1, 1), bias=False)
      (bn1): BatchNorm3d(64, eps=1e-05, momentum=0.1, affine=True, track_running_stats=True)
      (relu): ReLU(inplace=True)
      (conv2): Conv3d(64, 64, kernel_size=(3, 3, 3), stride=(1, 1, 1), padding=(1, 1, 1), bias=False)
      (bn2): BatchNorm3d(64, eps=1e-05, momentum=0.1, affine=True, track_running_stats=True)
    )
    (1): BasicBlock(
      (conv1): Conv3d(64, 64, kernel_size=(3, 3, 3), stride=(1, 1, 1), padding=(1, 1, 1), bias=False)
      (bn1): BatchNorm3d(64, eps=1e-05, momentum=0.1, affine=True, track_running_stats=True)
      (relu): ReLU(inplace=True)
      (conv2): Conv3d(64, 64, kernel_size=(3, 3, 3), stride=(1, 1, 1), padding=(1, 1, 1), bias=False)
      (bn2): BatchNorm3d(64, eps=1e-05, momentum=0.1, affine=True, track_running_stats=True)
    )
    (2): BasicBlock(
      (conv1): Conv3d(64, 64, kernel_size=(3, 3, 3), stride=(1, 1, 1), padding=(1, 1, 1), bias=False)
      (bn1): BatchNorm3d(64, eps=1e-05, momentum=0.1, affine=True, track_running_stats=True)
      (relu): ReLU(inplace=True)
      (conv2): Conv3d(64, 64, kernel_size=(3, 3, 3), stride=(1, 1, 1), padding=(1, 1, 1), bias=False)
      (bn2): BatchNorm3d(64, eps=1e-05, momentum=0.1, affine=True, track_running_stats=True)
    )
  )
  (layer2): Sequential(
    (0): BasicBlock(
      (conv1): Conv3d(64, 128, kernel_size=(3, 3, 3), stride=(2, 2, 2), padding=(1, 1, 1), bias=False)
      (bn1): BatchNorm3d(128, eps=1e-05, momentum=0.1, affine=True, track_running_stats=True)
      (relu): ReLU(inplace=True)
      (conv2): Conv3d(128, 128, kernel_size=(3, 3, 3), stride=(1, 1, 1), padding=(1, 1, 1), bias=False)
      (bn2): BatchNorm3d(128, eps=1e-05, momentum=0.1, affine=True, track_running_stats=True)
      (downsample): Sequential(
        (0): Conv3d(64, 128, kernel_size=(1, 1, 1), stride=(2, 2, 2), bias=False)
        (1): BatchNorm3d(128, eps=1e-05, momentum=0.1, affine=True, track_running_stats=True)
      )
    )
    (1): BasicBlock(
      (conv1): Conv3d(128, 128, kernel_size=(3, 3, 3), stride=(1, 1, 1), padding=(1, 1, 1), bias=False)
      (bn1): BatchNorm3d(128, eps=1e-05, momentum=0.1, affine=True, track_running_stats=True)
      (relu): ReLU(inplace=True)
      (conv2): Conv3d(128, 128, kernel_size=(3, 3, 3), stride=(1, 1, 1), padding=(1, 1, 1), bias=False)
      (bn2): BatchNorm3d(128, eps=1e-05, momentum=0.1, affine=True, track_running_stats=True)
    )
    (2): BasicBlock(
      (conv1): Conv3d(128, 128, kernel_size=(3, 3, 3), stride=(1, 1, 1), padding=(1, 1, 1), bias=False)
      (bn1): BatchNorm3d(128, eps=1e-05, momentum=0.1, affine=True, track_running_stats=True)
      (relu): ReLU(inplace=True)
      (conv2): Conv3d(128, 128, kernel_size=(3, 3, 3), stride=(1, 1, 1), padding=(1, 1, 1), bias=False)
      (bn2): BatchNorm3d(128, eps=1e-05, momentum=0.1, affine=True, track_running_stats=True)
    )
    (3): BasicBlock(
      (conv1): Conv3d(128, 128, kernel_size=(3, 3, 3), stride=(1, 1, 1), padding=(1, 1, 1), bias=False)
      (bn1): BatchNorm3d(128, eps=1e-05, momentum=0.1, affine=True, track_running_stats=True)
      (relu): ReLU(inplace=True)
      (conv2): Conv3d(128, 128, kernel_size=(3, 3, 3), stride=(1, 1, 1), padding=(1, 1, 1), bias=False)
      (bn2): BatchNorm3d(128, eps=1e-05, momentum=0.1, affine=True, track_running_stats=True)
    )
  )
  (layer3): Sequential(
    (0): BasicBlock(
      (conv1): Conv3d(128, 256, kernel_size=(3, 3, 3), stride=(1, 1, 1), padding=(2, 2, 2), dilation=(2, 2, 2), bias=False)
      (bn1): BatchNorm3d(256, eps=1e-05, momentum=0.1, affine=True, track_running_stats=True)
      (relu): ReLU(inplace=True)
      (conv2): Conv3d(256, 256, kernel_size=(3, 3, 3), stride=(1, 1, 1), padding=(2, 2, 2), dilation=(2, 2, 2), bias=False)
      (bn2): BatchNorm3d(256, eps=1e-05, momentum=0.1, affine=True, track_running_stats=True)
      (downsample): Sequential(
        (0): Conv3d(128, 256, kernel_size=(1, 1, 1), stride=(1, 1, 1), bias=False)
        (1): BatchNorm3d(256, eps=1e-05, momentum=0.1, affine=True, track_running_stats=True)
      )
    )
    (1): BasicBlock(
      (conv1): Conv3d(256, 256, kernel_size=(3, 3, 3), stride=(1, 1, 1), padding=(2, 2, 2), dilation=(2, 2, 2), bias=False)
      (bn1): BatchNorm3d(256, eps=1e-05, momentum=0.1, affine=True, track_running_stats=True)
      (relu): ReLU(inplace=True)
      (conv2): Conv3d(256, 256, kernel_size=(3, 3, 3), stride=(1, 1, 1), padding=(2, 2, 2), dilation=(2, 2, 2), bias=False)
      (bn2): BatchNorm3d(256, eps=1e-05, momentum=0.1, affine=True, track_running_stats=True)
    )
    (2): BasicBlock(
      (conv1): Conv3d(256, 256, kernel_size=(3, 3, 3), stride=(1, 1, 1), padding=(2, 2, 2), dilation=(2, 2, 2), bias=False)
      (bn1): BatchNorm3d(256, eps=1e-05, momentum=0.1, affine=True, track_running_stats=True)
      (relu): ReLU(inplace=True)
      (conv2): Conv3d(256, 256, kernel_size=(3, 3, 3), stride=(1, 1, 1), padding=(2, 2, 2), dilation=(2, 2, 2), bias=False)
      (bn2): BatchNorm3d(256, eps=1e-05, momentum=0.1, affine=True, track_running_stats=True)
    )
    (3): BasicBlock(
      (conv1): Conv3d(256, 256, kernel_size=(3, 3, 3), stride=(1, 1, 1), padding=(2, 2, 2), dilation=(2, 2, 2), bias=False)
      (bn1): BatchNorm3d(256, eps=1e-05, momentum=0.1, affine=True, track_running_stats=True)
      (relu): ReLU(inplace=True)
      (conv2): Conv3d(256, 256, kernel_size=(3, 3, 3), stride=(1, 1, 1), padding=(2, 2, 2), dilation=(2, 2, 2), bias=False)
      (bn2): BatchNorm3d(256, eps=1e-05, momentum=0.1, affine=True, track_running_stats=True)
    )
    (4): BasicBlock(
      (conv1): Conv3d(256, 256, kernel_size=(3, 3, 3), stride=(1, 1, 1), padding=(2, 2, 2), dilation=(2, 2, 2), bias=False)
      (bn1): BatchNorm3d(256, eps=1e-05, momentum=0.1, affine=True, track_running_stats=True)
      (relu): ReLU(inplace=True)
      (conv2): Conv3d(256, 256, kernel_size=(3, 3, 3), stride=(1, 1, 1), padding=(2, 2, 2), dilation=(2, 2, 2), bias=False)
      (bn2): BatchNorm3d(256, eps=1e-05, momentum=0.1, affine=True, track_running_stats=True)
    )
    (5): BasicBlock(
      (conv1): Conv3d(256, 256, kernel_size=(3, 3, 3), stride=(1, 1, 1), padding=(2, 2, 2), dilation=(2, 2, 2), bias=False)
      (bn1): BatchNorm3d(256, eps=1e-05, momentum=0.1, affine=True, track_running_stats=True)
      (relu): ReLU(inplace=True)
      (conv2): Conv3d(256, 256, kernel_size=(3, 3, 3), stride=(1, 1, 1), padding=(2, 2, 2), dilation=(2, 2, 2), bias=False)
      (bn2): BatchNorm3d(256, eps=1e-05, momentum=0.1, affine=True, track_running_stats=True)
    )
  )
  (layer4): Sequential(
    (0): BasicBlock(
      (conv1): Conv3d(256, 512, kernel_size=(3, 3, 3), stride=(1, 1, 1), padding=(4, 4, 4), dilation=(4, 4, 4), bias=False)
      (bn1): BatchNorm3d(512, eps=1e-05, momentum=0.1, affine=True, track_running_stats=True)
      (relu): ReLU(inplace=True)
      (conv2): Conv3d(512, 512, kernel_size=(3, 3, 3), stride=(1, 1, 1), padding=(4, 4, 4), dilation=(4, 4, 4), bias=False)
      (bn2): BatchNorm3d(512, eps=1e-05, momentum=0.1, affine=True, track_running_stats=True)
      (downsample): Sequential(
        (0): Conv3d(256, 512, kernel_size=(1, 1, 1), stride=(1, 1, 1), bias=False)
        (1): BatchNorm3d(512, eps=1e-05, momentum=0.1, affine=True, track_running_stats=True)
      )
    )
    (1): BasicBlock(
      (conv1): Conv3d(512, 512, kernel_size=(3, 3, 3), stride=(1, 1, 1), padding=(4, 4, 4), dilation=(4, 4, 4), bias=False)
      (bn1): BatchNorm3d(512, eps=1e-05, momentum=0.1, affine=True, track_running_stats=True)
      (relu): ReLU(inplace=True)
      (conv2): Conv3d(512, 512, kernel_size=(3, 3, 3), stride=(1, 1, 1), padding=(4, 4, 4), dilation=(4, 4, 4), bias=False)
      (bn2): BatchNorm3d(512, eps=1e-05, momentum=0.1, affine=True, track_running_stats=True)
    )
    (2): BasicBlock(
      (conv1): Conv3d(512, 512, kernel_size=(3, 3, 3), stride=(1, 1, 1), padding=(4, 4, 4), dilation=(4, 4, 4), bias=False)
      (bn1): BatchNorm3d(512, eps=1e-05, momentum=0.1, affine=True, track_running_stats=True)
      (relu): ReLU(inplace=True)
      (conv2): Conv3d(512, 512, kernel_size=(3, 3, 3), stride=(1, 1, 1), padding=(4, 4, 4), dilation=(4, 4, 4), bias=False)
      (bn2): BatchNorm3d(512, eps=1e-05, momentum=0.1, affine=True, track_running_stats=True)
    )
  )
  (pooling_layer): AvgPool3d(kernel_size=(20, 24, 20), stride=2, padding=0)
  (output_layer): Linear(in_features=512, out_features=1, bias=True)
)
[Network sMRI] Total number of parameters : 63.470 M
[Network sMRI] Total number of trainable parameters : 63.470 M
-----------------------------------------------
08/07 07:12:50 PM ******* Epoch 1, Train Loss 279.58, Val Loss 524.00, Train MAE 19.10, Val MAE 25.18 *******
End of epoch 1 / 200 	 Time Taken: 810 sec
08/07 07:26:17 PM ******* Epoch 2, Train Loss 170.16, Val Loss 106.80, Train MAE 14.82, Val MAE 11.80 *******
End of epoch 2 / 200 	 Time Taken: 807 sec
08/07 07:39:44 PM ******* Epoch 3, Train Loss 137.39, Val Loss 106.40, Train MAE 12.98, Val MAE 11.59 *******
End of epoch 3 / 200 	 Time Taken: 806 sec
08/07 07:53:11 PM ******* Epoch 4, Train Loss 126.04, Val Loss 87.38, Train MAE 12.31, Val MAE 10.64 *******
End of epoch 4 / 200 	 Time Taken: 806 sec
08/07 08:06:40 PM ******* Epoch 5, Train Loss 105.04, Val Loss 87.43, Train MAE 11.06, Val MAE 9.94 *******
End of epoch 5 / 200 	 Time Taken: 808 sec
08/07 08:20:10 PM ******* Epoch 6, Train Loss 93.88, Val Loss 109.92, Train MAE 10.39, Val MAE 11.16 *******
End of epoch 6 / 200 	 Time Taken: 809 sec
08/07 08:33:40 PM ******* Epoch 7, Train Loss 79.61, Val Loss 43.00, Train MAE 9.52, Val MAE 6.58 *******
End of epoch 7 / 200 	 Time Taken: 810 sec
08/07 08:47:10 PM ******* Epoch 8, Train Loss 62.02, Val Loss 49.03, Train MAE 8.41, Val MAE 7.47 *******
End of epoch 8 / 200 	 Time Taken: 809 sec
08/07 09:00:38 PM ******* Epoch 9, Train Loss 52.18, Val Loss 49.15, Train MAE 7.70, Val MAE 8.36 *******
End of epoch 9 / 200 	 Time Taken: 808 sec
08/07 09:14:06 PM ******* Epoch 10, Train Loss 45.35, Val Loss 50.89, Train MAE 7.22, Val MAE 8.07 *******
End of epoch 10 / 200 	 Time Taken: 807 sec
08/07 09:27:35 PM ******* Epoch 11, Train Loss 41.99, Val Loss 36.44, Train MAE 6.87, Val MAE 6.36 *******
End of epoch 11 / 200 	 Time Taken: 808 sec
08/07 09:41:03 PM ******* Epoch 12, Train Loss 36.41, Val Loss 25.59, Train MAE 6.40, Val MAE 5.69 *******
End of epoch 12 / 200 	 Time Taken: 808 sec
08/07 09:54:32 PM ******* Epoch 13, Train Loss 34.69, Val Loss 31.64, Train MAE 6.31, Val MAE 6.17 *******
End of epoch 13 / 200 	 Time Taken: 808 sec
08/07 10:07:59 PM ******* Epoch 14, Train Loss 31.03, Val Loss 28.52, Train MAE 5.92, Val MAE 5.80 *******
End of epoch 14 / 200 	 Time Taken: 807 sec
08/07 10:21:28 PM ******* Epoch 15, Train Loss 34.13, Val Loss 19.13, Train MAE 6.19, Val MAE 4.65 *******
End of epoch 15 / 200 	 Time Taken: 808 sec
08/07 10:34:56 PM ******* Epoch 16, Train Loss 31.22, Val Loss 25.52, Train MAE 5.93, Val MAE 5.58 *******
End of epoch 16 / 200 	 Time Taken: 807 sec
08/07 10:48:23 PM ******* Epoch 17, Train Loss 29.36, Val Loss 34.52, Train MAE 5.75, Val MAE 6.54 *******
End of epoch 17 / 200 	 Time Taken: 807 sec
08/07 11:01:51 PM ******* Epoch 18, Train Loss 29.35, Val Loss 20.41, Train MAE 5.74, Val MAE 4.73 *******
End of epoch 18 / 200 	 Time Taken: 807 sec
08/07 11:15:19 PM ******* Epoch 19, Train Loss 27.73, Val Loss 40.20, Train MAE 5.67, Val MAE 6.75 *******
End of epoch 19 / 200 	 Time Taken: 808 sec
08/07 11:28:47 PM ******* Epoch 20, Train Loss 26.71, Val Loss 28.08, Train MAE 5.60, Val MAE 5.76 *******
End of epoch 20 / 200 	 Time Taken: 807 sec
08/07 11:42:15 PM ******* Epoch 21, Train Loss 26.00, Val Loss 31.80, Train MAE 5.43, Val MAE 6.31 *******
End of epoch 21 / 200 	 Time Taken: 808 sec
08/07 11:55:43 PM ******* Epoch 22, Train Loss 24.28, Val Loss 16.48, Train MAE 5.30, Val MAE 4.52 *******
End of epoch 22 / 200 	 Time Taken: 807 sec
08/08 12:09:11 AM ******* Epoch 23, Train Loss 22.54, Val Loss 28.31, Train MAE 5.04, Val MAE 5.62 *******
End of epoch 23 / 200 	 Time Taken: 807 sec
08/08 12:22:41 AM ******* Epoch 24, Train Loss 21.48, Val Loss 16.97, Train MAE 5.02, Val MAE 4.48 *******
End of epoch 24 / 200 	 Time Taken: 809 sec
08/08 12:36:09 AM ******* Epoch 25, Train Loss 22.04, Val Loss 24.04, Train MAE 5.03, Val MAE 5.38 *******
End of epoch 25 / 200 	 Time Taken: 808 sec
08/08 12:49:36 AM ******* Epoch 26, Train Loss 21.52, Val Loss 23.62, Train MAE 4.97, Val MAE 5.33 *******
End of epoch 26 / 200 	 Time Taken: 807 sec
08/08 01:03:04 AM ******* Epoch 27, Train Loss 20.00, Val Loss 25.82, Train MAE 4.78, Val MAE 5.45 *******
End of epoch 27 / 200 	 Time Taken: 807 sec
08/08 01:16:31 AM ******* Epoch 28, Train Loss 19.03, Val Loss 25.70, Train MAE 4.74, Val MAE 5.34 *******
End of epoch 28 / 200 	 Time Taken: 807 sec
08/08 01:30:00 AM ******* Epoch 29, Train Loss 20.05, Val Loss 24.31, Train MAE 4.77, Val MAE 5.28 *******
End of epoch 29 / 200 	 Time Taken: 808 sec
08/08 01:43:29 AM ******* Epoch 30, Train Loss 17.90, Val Loss 14.93, Train MAE 4.56, Val MAE 4.17 *******
End of epoch 30 / 200 	 Time Taken: 808 sec
08/08 01:56:57 AM ******* Epoch 31, Train Loss 17.00, Val Loss 16.21, Train MAE 4.43, Val MAE 4.63 *******
End of epoch 31 / 200 	 Time Taken: 808 sec
08/08 02:10:26 AM ******* Epoch 32, Train Loss 18.34, Val Loss 19.55, Train MAE 4.61, Val MAE 4.77 *******
End of epoch 32 / 200 	 Time Taken: 808 sec
08/08 02:23:54 AM ******* Epoch 33, Train Loss 16.66, Val Loss 16.72, Train MAE 4.37, Val MAE 4.26 *******
End of epoch 33 / 200 	 Time Taken: 808 sec
08/08 02:37:22 AM ******* Epoch 34, Train Loss 17.13, Val Loss 17.76, Train MAE 4.48, Val MAE 4.47 *******
End of epoch 34 / 200 	 Time Taken: 808 sec
08/08 02:50:50 AM ******* Epoch 35, Train Loss 16.22, Val Loss 22.29, Train MAE 4.31, Val MAE 5.17 *******
End of epoch 35 / 200 	 Time Taken: 808 sec
08/08 03:04:18 AM ******* Epoch 36, Train Loss 15.45, Val Loss 22.67, Train MAE 4.26, Val MAE 5.31 *******
End of epoch 36 / 200 	 Time Taken: 807 sec
08/08 03:17:46 AM ******* Epoch 37, Train Loss 14.56, Val Loss 13.94, Train MAE 4.11, Val MAE 3.84 *******
End of epoch 37 / 200 	 Time Taken: 807 sec
08/08 03:31:13 AM ******* Epoch 38, Train Loss 14.46, Val Loss 18.69, Train MAE 4.13, Val MAE 4.58 *******
End of epoch 38 / 200 	 Time Taken: 807 sec
08/08 03:44:40 AM ******* Epoch 39, Train Loss 15.84, Val Loss 23.11, Train MAE 4.32, Val MAE 5.05 *******
End of epoch 39 / 200 	 Time Taken: 807 sec
08/08 03:58:08 AM ******* Epoch 40, Train Loss 14.10, Val Loss 16.62, Train MAE 4.03, Val MAE 4.34 *******
End of epoch 40 / 200 	 Time Taken: 808 sec
08/08 04:11:36 AM ******* Epoch 41, Train Loss 13.98, Val Loss 29.22, Train MAE 4.02, Val MAE 5.96 *******
End of epoch 41 / 200 	 Time Taken: 807 sec
08/08 04:25:03 AM ******* Epoch 42, Train Loss 13.06, Val Loss 12.65, Train MAE 3.89, Val MAE 3.73 *******
End of epoch 42 / 200 	 Time Taken: 807 sec
08/08 04:38:31 AM ******* Epoch 43, Train Loss 11.89, Val Loss 10.84, Train MAE 3.71, Val MAE 3.52 *******
End of epoch 43 / 200 	 Time Taken: 808 sec
08/08 04:51:58 AM ******* Epoch 44, Train Loss 12.68, Val Loss 13.12, Train MAE 3.85, Val MAE 4.02 *******
End of epoch 44 / 200 	 Time Taken: 806 sec
08/08 05:05:25 AM ******* Epoch 45, Train Loss 11.88, Val Loss 37.77, Train MAE 3.73, Val MAE 6.47 *******
End of epoch 45 / 200 	 Time Taken: 807 sec
08/08 05:18:53 AM ******* Epoch 46, Train Loss 13.29, Val Loss 17.55, Train MAE 3.93, Val MAE 4.44 *******
End of epoch 46 / 200 	 Time Taken: 807 sec
08/08 05:32:21 AM ******* Epoch 47, Train Loss 11.22, Val Loss 13.26, Train MAE 3.62, Val MAE 3.86 *******
End of epoch 47 / 200 	 Time Taken: 807 sec
08/08 05:45:48 AM ******* Epoch 48, Train Loss 11.90, Val Loss 12.63, Train MAE 3.75, Val MAE 3.71 *******
End of epoch 48 / 200 	 Time Taken: 807 sec
08/08 05:59:15 AM ******* Epoch 49, Train Loss 10.39, Val Loss 22.55, Train MAE 3.50, Val MAE 4.90 *******
End of epoch 49 / 200 	 Time Taken: 806 sec
08/08 06:12:42 AM ******* Epoch 50, Train Loss 11.29, Val Loss 12.61, Train MAE 3.66, Val MAE 3.89 *******
End of epoch 50 / 200 	 Time Taken: 807 sec
08/08 06:26:09 AM ******* Epoch 51, Train Loss 10.53, Val Loss 14.62, Train MAE 3.52, Val MAE 4.02 *******
End of epoch 51 / 200 	 Time Taken: 806 sec
08/08 06:39:36 AM ******* Epoch 52, Train Loss 10.10, Val Loss 12.23, Train MAE 3.46, Val MAE 3.64 *******
End of epoch 52 / 200 	 Time Taken: 806 sec
08/08 06:53:02 AM ******* Epoch 53, Train Loss 9.47, Val Loss 23.80, Train MAE 3.34, Val MAE 5.24 *******
End of epoch 53 / 200 	 Time Taken: 806 sec
08/08 07:06:30 AM ******* Epoch 54, Train Loss 9.27, Val Loss 13.25, Train MAE 3.32, Val MAE 3.90 *******
End of epoch 54 / 200 	 Time Taken: 807 sec
08/08 07:19:57 AM ******* Epoch 55, Train Loss 9.07, Val Loss 12.23, Train MAE 3.31, Val MAE 3.68 *******
End of epoch 55 / 200 	 Time Taken: 807 sec
08/08 07:33:25 AM ******* Epoch 56, Train Loss 9.11, Val Loss 16.08, Train MAE 3.27, Val MAE 4.36 *******
End of epoch 56 / 200 	 Time Taken: 807 sec
08/08 07:46:52 AM ******* Epoch 57, Train Loss 8.90, Val Loss 13.62, Train MAE 3.23, Val MAE 3.94 *******
End of epoch 57 / 200 	 Time Taken: 807 sec
08/08 08:00:21 AM ******* Epoch 58, Train Loss 8.53, Val Loss 13.60, Train MAE 3.13, Val MAE 3.89 *******
End of epoch 58 / 200 	 Time Taken: 808 sec
08/08 08:13:47 AM ******* Epoch 59, Train Loss 8.08, Val Loss 12.55, Train MAE 3.12, Val MAE 3.86 *******
End of epoch 59 / 200 	 Time Taken: 806 sec
08/08 08:27:15 AM ******* Epoch 60, Train Loss 7.37, Val Loss 11.61, Train MAE 2.98, Val MAE 3.49 *******
End of epoch 60 / 200 	 Time Taken: 807 sec
08/08 08:40:42 AM ******* Epoch 61, Train Loss 7.19, Val Loss 15.49, Train MAE 2.91, Val MAE 4.21 *******
End of epoch 61 / 200 	 Time Taken: 807 sec
08/08 08:54:09 AM ******* Epoch 62, Train Loss 7.75, Val Loss 14.00, Train MAE 3.04, Val MAE 3.75 *******
End of epoch 62 / 200 	 Time Taken: 806 sec
08/08 09:07:35 AM ******* Epoch 63, Train Loss 7.35, Val Loss 13.31, Train MAE 2.95, Val MAE 3.88 *******
End of epoch 63 / 200 	 Time Taken: 806 sec
08/08 09:21:02 AM ******* Epoch 64, Train Loss 6.79, Val Loss 13.92, Train MAE 2.82, Val MAE 3.98 *******
End of epoch 64 / 200 	 Time Taken: 806 sec
08/08 09:34:28 AM ******* Epoch 65, Train Loss 6.78, Val Loss 12.83, Train MAE 2.84, Val MAE 3.69 *******
End of epoch 65 / 200 	 Time Taken: 806 sec
08/08 09:47:56 AM ******* Epoch 66, Train Loss 6.53, Val Loss 13.66, Train MAE 2.79, Val MAE 3.74 *******
End of epoch 66 / 200 	 Time Taken: 807 sec
08/08 10:01:24 AM ******* Epoch 67, Train Loss 6.65, Val Loss 9.98, Train MAE 2.82, Val MAE 3.35 *******
End of epoch 67 / 200 	 Time Taken: 808 sec
08/08 10:14:52 AM ******* Epoch 68, Train Loss 5.83, Val Loss 11.96, Train MAE 2.64, Val MAE 3.62 *******
End of epoch 68 / 200 	 Time Taken: 807 sec
08/08 10:28:19 AM ******* Epoch 69, Train Loss 5.79, Val Loss 11.04, Train MAE 2.63, Val MAE 3.56 *******
End of epoch 69 / 200 	 Time Taken: 807 sec
08/08 10:41:46 AM ******* Epoch 70, Train Loss 5.89, Val Loss 11.03, Train MAE 2.64, Val MAE 3.53 *******
End of epoch 70 / 200 	 Time Taken: 807 sec
08/08 10:55:14 AM ******* Epoch 71, Train Loss 5.87, Val Loss 10.99, Train MAE 2.63, Val MAE 3.34 *******
End of epoch 71 / 200 	 Time Taken: 808 sec
08/08 11:08:41 AM ******* Epoch 72, Train Loss 5.22, Val Loss 10.15, Train MAE 2.51, Val MAE 3.36 *******
End of epoch 72 / 200 	 Time Taken: 807 sec
08/08 11:22:09 AM ******* Epoch 73, Train Loss 5.99, Val Loss 11.30, Train MAE 2.69, Val MAE 3.64 *******
End of epoch 73 / 200 	 Time Taken: 807 sec
08/08 11:35:37 AM ******* Epoch 74, Train Loss 5.29, Val Loss 12.67, Train MAE 2.51, Val MAE 3.83 *******
End of epoch 74 / 200 	 Time Taken: 808 sec
08/08 11:49:03 AM ******* Epoch 75, Train Loss 4.83, Val Loss 10.49, Train MAE 2.39, Val MAE 3.38 *******
End of epoch 75 / 200 	 Time Taken: 806 sec
08/08 12:02:31 PM ******* Epoch 76, Train Loss 4.85, Val Loss 13.49, Train MAE 2.39, Val MAE 3.70 *******
End of epoch 76 / 200 	 Time Taken: 807 sec
08/08 12:15:58 PM ******* Epoch 77, Train Loss 4.94, Val Loss 10.23, Train MAE 2.43, Val MAE 3.38 *******
End of epoch 77 / 200 	 Time Taken: 806 sec
08/08 12:29:25 PM ******* Epoch 78, Train Loss 5.08, Val Loss 16.44, Train MAE 2.46, Val MAE 4.12 *******
End of epoch 78 / 200 	 Time Taken: 807 sec
08/08 12:42:53 PM ******* Epoch 79, Train Loss 4.61, Val Loss 9.44, Train MAE 2.33, Val MAE 3.22 *******
End of epoch 79 / 200 	 Time Taken: 807 sec
08/08 12:56:19 PM ******* Epoch 80, Train Loss 4.39, Val Loss 11.57, Train MAE 2.31, Val MAE 3.47 *******
End of epoch 80 / 200 	 Time Taken: 806 sec
08/08 01:09:46 PM ******* Epoch 81, Train Loss 4.09, Val Loss 10.96, Train MAE 2.22, Val MAE 3.37 *******
End of epoch 81 / 200 	 Time Taken: 806 sec
08/08 01:23:13 PM ******* Epoch 82, Train Loss 4.18, Val Loss 11.48, Train MAE 2.24, Val MAE 3.59 *******
End of epoch 82 / 200 	 Time Taken: 807 sec
08/08 01:36:39 PM ******* Epoch 83, Train Loss 3.81, Val Loss 11.96, Train MAE 2.15, Val MAE 3.60 *******
End of epoch 83 / 200 	 Time Taken: 806 sec
08/08 01:50:06 PM ******* Epoch 84, Train Loss 4.58, Val Loss 11.36, Train MAE 2.30, Val MAE 3.51 *******
End of epoch 84 / 200 	 Time Taken: 806 sec
08/08 02:03:33 PM ******* Epoch 85, Train Loss 4.23, Val Loss 10.74, Train MAE 2.24, Val MAE 3.35 *******
End of epoch 85 / 200 	 Time Taken: 807 sec
08/08 02:17:00 PM ******* Epoch 86, Train Loss 3.91, Val Loss 10.77, Train MAE 2.17, Val MAE 3.34 *******
End of epoch 86 / 200 	 Time Taken: 806 sec
08/08 02:30:28 PM ******* Epoch 87, Train Loss 3.81, Val Loss 12.14, Train MAE 2.12, Val MAE 3.60 *******
End of epoch 87 / 200 	 Time Taken: 807 sec
08/08 02:43:55 PM ******* Epoch 88, Train Loss 3.76, Val Loss 12.13, Train MAE 2.15, Val MAE 3.71 *******
End of epoch 88 / 200 	 Time Taken: 807 sec
08/08 02:57:24 PM ******* Epoch 89, Train Loss 3.38, Val Loss 12.68, Train MAE 1.99, Val MAE 3.69 *******
End of epoch 89 / 200 	 Time Taken: 809 sec
08/08 03:10:53 PM ******* Epoch 90, Train Loss 3.65, Val Loss 10.74, Train MAE 2.08, Val MAE 3.28 *******
End of epoch 90 / 200 	 Time Taken: 808 sec
08/08 03:24:22 PM ******* Epoch 91, Train Loss 2.96, Val Loss 10.42, Train MAE 1.90, Val MAE 3.33 *******
End of epoch 91 / 200 	 Time Taken: 809 sec
08/08 03:37:53 PM ******* Epoch 92, Train Loss 3.60, Val Loss 11.39, Train MAE 2.09, Val MAE 3.25 *******
End of epoch 92 / 200 	 Time Taken: 810 sec
08/08 03:51:23 PM ******* Epoch 93, Train Loss 3.47, Val Loss 9.80, Train MAE 2.02, Val MAE 3.10 *******
End of epoch 93 / 200 	 Time Taken: 809 sec
08/08 04:04:52 PM ******* Epoch 94, Train Loss 3.07, Val Loss 10.89, Train MAE 1.92, Val MAE 3.36 *******
End of epoch 94 / 200 	 Time Taken: 809 sec
08/08 04:18:21 PM ******* Epoch 95, Train Loss 2.90, Val Loss 10.83, Train MAE 1.88, Val MAE 3.21 *******
End of epoch 95 / 200 	 Time Taken: 808 sec
08/08 04:31:48 PM ******* Epoch 96, Train Loss 2.94, Val Loss 9.83, Train MAE 1.87, Val MAE 3.24 *******
End of epoch 96 / 200 	 Time Taken: 807 sec
08/08 04:45:16 PM ******* Epoch 97, Train Loss 2.90, Val Loss 10.70, Train MAE 1.86, Val MAE 3.41 *******
End of epoch 97 / 200 	 Time Taken: 807 sec
08/08 04:58:45 PM ******* Epoch 98, Train Loss 2.93, Val Loss 10.64, Train MAE 1.88, Val MAE 3.36 *******
End of epoch 98 / 200 	 Time Taken: 809 sec
08/08 05:12:13 PM ******* Epoch 99, Train Loss 2.78, Val Loss 10.90, Train MAE 1.83, Val MAE 3.31 *******
End of epoch 99 / 200 	 Time Taken: 807 sec
08/08 05:25:42 PM ******* Epoch 100, Train Loss 2.50, Val Loss 10.13, Train MAE 1.72, Val MAE 3.24 *******
End of epoch 100 / 200 	 Time Taken: 808 sec
08/08 05:39:10 PM ******* Epoch 101, Train Loss 2.54, Val Loss 10.43, Train MAE 1.75, Val MAE 3.27 *******
End of epoch 101 / 200 	 Time Taken: 808 sec
08/08 05:52:39 PM ******* Epoch 102, Train Loss 2.62, Val Loss 10.41, Train MAE 1.78, Val MAE 3.25 *******
End of epoch 102 / 200 	 Time Taken: 809 sec
08/08 06:06:09 PM ******* Epoch 103, Train Loss 2.68, Val Loss 12.95, Train MAE 1.79, Val MAE 3.09 *******
End of epoch 103 / 200 	 Time Taken: 810 sec
08/08 06:19:37 PM ******* Epoch 104, Train Loss 2.54, Val Loss 10.98, Train MAE 1.74, Val MAE 3.37 *******
End of epoch 104 / 200 	 Time Taken: 807 sec
08/08 06:33:05 PM ******* Epoch 105, Train Loss 2.38, Val Loss 10.22, Train MAE 1.68, Val MAE 3.35 *******
End of epoch 105 / 200 	 Time Taken: 808 sec
08/08 06:46:34 PM ******* Epoch 106, Train Loss 2.31, Val Loss 9.72, Train MAE 1.67, Val MAE 3.23 *******
End of epoch 106 / 200 	 Time Taken: 808 sec
08/08 07:00:02 PM ******* Epoch 107, Train Loss 2.07, Val Loss 9.82, Train MAE 1.57, Val MAE 3.01 *******
End of epoch 107 / 200 	 Time Taken: 808 sec
08/08 07:13:31 PM ******* Epoch 108, Train Loss 2.23, Val Loss 10.07, Train MAE 1.63, Val MAE 3.27 *******
End of epoch 108 / 200 	 Time Taken: 808 sec
08/08 07:26:59 PM ******* Epoch 109, Train Loss 2.04, Val Loss 10.83, Train MAE 1.58, Val MAE 3.29 *******
End of epoch 109 / 200 	 Time Taken: 808 sec
08/08 07:40:27 PM ******* Epoch 110, Train Loss 2.44, Val Loss 10.41, Train MAE 1.72, Val MAE 3.25 *******
End of epoch 110 / 200 	 Time Taken: 807 sec
08/08 07:53:54 PM ******* Epoch 111, Train Loss 2.05, Val Loss 9.58, Train MAE 1.57, Val MAE 3.18 *******
End of epoch 111 / 200 	 Time Taken: 806 sec
08/08 08:07:24 PM ******* Epoch 112, Train Loss 1.94, Val Loss 10.04, Train MAE 1.51, Val MAE 3.26 *******
End of epoch 112 / 200 	 Time Taken: 810 sec
08/08 08:20:54 PM ******* Epoch 113, Train Loss 2.17, Val Loss 10.08, Train MAE 1.62, Val MAE 3.16 *******
End of epoch 113 / 200 	 Time Taken: 809 sec
08/08 08:34:22 PM ******* Epoch 114, Train Loss 1.96, Val Loss 9.93, Train MAE 1.50, Val MAE 3.18 *******
End of epoch 114 / 200 	 Time Taken: 808 sec
08/08 08:47:50 PM ******* Epoch 115, Train Loss 1.88, Val Loss 9.32, Train MAE 1.51, Val MAE 3.15 *******
End of epoch 115 / 200 	 Time Taken: 807 sec
08/08 09:01:19 PM ******* Epoch 116, Train Loss 1.69, Val Loss 9.47, Train MAE 1.43, Val MAE 3.11 *******
End of epoch 116 / 200 	 Time Taken: 808 sec
08/08 09:14:47 PM ******* Epoch 117, Train Loss 1.84, Val Loss 9.33, Train MAE 1.46, Val MAE 3.11 *******
End of epoch 117 / 200 	 Time Taken: 807 sec
08/08 09:28:15 PM ******* Epoch 118, Train Loss 1.83, Val Loss 10.50, Train MAE 1.50, Val MAE 3.28 *******
End of epoch 118 / 200 	 Time Taken: 808 sec
08/08 09:41:46 PM ******* Epoch 119, Train Loss 1.78, Val Loss 10.87, Train MAE 1.46, Val MAE 3.20 *******
End of epoch 119 / 200 	 Time Taken: 810 sec
08/08 09:55:14 PM ******* Epoch 120, Train Loss 1.72, Val Loss 9.95, Train MAE 1.42, Val MAE 3.19 *******
End of epoch 120 / 200 	 Time Taken: 807 sec
08/08 10:08:42 PM ******* Epoch 121, Train Loss 1.78, Val Loss 9.15, Train MAE 1.45, Val MAE 3.02 *******
End of epoch 121 / 200 	 Time Taken: 808 sec
08/08 10:22:09 PM ******* Epoch 122, Train Loss 1.70, Val Loss 10.23, Train MAE 1.42, Val MAE 3.21 *******
End of epoch 122 / 200 	 Time Taken: 806 sec
08/08 10:35:36 PM ******* Epoch 123, Train Loss 1.49, Val Loss 9.46, Train MAE 1.34, Val MAE 3.06 *******
End of epoch 123 / 200 	 Time Taken: 806 sec
08/08 10:49:05 PM ******* Epoch 124, Train Loss 1.55, Val Loss 10.32, Train MAE 1.35, Val MAE 3.05 *******
End of epoch 124 / 200 	 Time Taken: 809 sec
08/08 11:02:34 PM ******* Epoch 125, Train Loss 1.45, Val Loss 10.36, Train MAE 1.32, Val MAE 3.22 *******
End of epoch 125 / 200 	 Time Taken: 808 sec
08/08 11:16:03 PM ******* Epoch 126, Train Loss 1.45, Val Loss 10.10, Train MAE 1.30, Val MAE 3.02 *******
End of epoch 126 / 200 	 Time Taken: 809 sec
08/08 11:29:32 PM ******* Epoch 127, Train Loss 1.39, Val Loss 9.10, Train MAE 1.29, Val MAE 3.00 *******
End of epoch 127 / 200 	 Time Taken: 809 sec
08/08 11:43:01 PM ******* Epoch 128, Train Loss 1.35, Val Loss 9.75, Train MAE 1.26, Val MAE 3.13 *******
End of epoch 128 / 200 	 Time Taken: 808 sec
08/08 11:56:29 PM ******* Epoch 129, Train Loss 1.34, Val Loss 10.35, Train MAE 1.27, Val MAE 3.09 *******
End of epoch 129 / 200 	 Time Taken: 807 sec
08/09 12:09:56 AM ******* Epoch 130, Train Loss 1.36, Val Loss 10.89, Train MAE 1.27, Val MAE 3.17 *******
End of epoch 130 / 200 	 Time Taken: 807 sec
08/09 12:23:24 AM ******* Epoch 131, Train Loss 1.46, Val Loss 9.40, Train MAE 1.31, Val MAE 3.06 *******
End of epoch 131 / 200 	 Time Taken: 807 sec
08/09 12:36:55 AM ******* Epoch 132, Train Loss 1.25, Val Loss 9.38, Train MAE 1.21, Val MAE 3.10 *******
End of epoch 132 / 200 	 Time Taken: 811 sec
08/09 12:50:24 AM ******* Epoch 133, Train Loss 1.17, Val Loss 11.04, Train MAE 1.18, Val MAE 3.14 *******
End of epoch 133 / 200 	 Time Taken: 808 sec
08/09 01:03:53 AM ******* Epoch 134, Train Loss 1.30, Val Loss 9.26, Train MAE 1.24, Val MAE 3.01 *******
End of epoch 134 / 200 	 Time Taken: 808 sec
08/09 01:17:20 AM ******* Epoch 135, Train Loss 1.17, Val Loss 9.15, Train MAE 1.17, Val MAE 2.99 *******
End of epoch 135 / 200 	 Time Taken: 806 sec
08/09 01:30:47 AM ******* Epoch 136, Train Loss 1.18, Val Loss 9.11, Train MAE 1.17, Val MAE 3.04 *******
End of epoch 136 / 200 	 Time Taken: 807 sec
08/09 01:44:14 AM ******* Epoch 137, Train Loss 1.04, Val Loss 9.76, Train MAE 1.11, Val MAE 3.15 *******
End of epoch 137 / 200 	 Time Taken: 807 sec
08/09 01:57:41 AM ******* Epoch 138, Train Loss 1.22, Val Loss 9.33, Train MAE 1.19, Val MAE 3.10 *******
End of epoch 138 / 200 	 Time Taken: 807 sec
08/09 02:11:08 AM ******* Epoch 139, Train Loss 1.22, Val Loss 9.45, Train MAE 1.19, Val MAE 3.01 *******
End of epoch 139 / 200 	 Time Taken: 806 sec
08/09 02:24:35 AM ******* Epoch 140, Train Loss 1.05, Val Loss 10.29, Train MAE 1.10, Val MAE 3.15 *******
End of epoch 140 / 200 	 Time Taken: 807 sec
08/09 02:38:04 AM ******* Epoch 141, Train Loss 1.03, Val Loss 9.86, Train MAE 1.09, Val MAE 3.08 *******
End of epoch 141 / 200 	 Time Taken: 808 sec
08/09 02:51:32 AM ******* Epoch 142, Train Loss 1.07, Val Loss 9.86, Train MAE 1.11, Val MAE 3.10 *******
End of epoch 142 / 200 	 Time Taken: 807 sec
08/09 03:05:00 AM ******* Epoch 143, Train Loss 1.09, Val Loss 9.61, Train MAE 1.12, Val MAE 3.09 *******
End of epoch 143 / 200 	 Time Taken: 808 sec
08/09 03:18:27 AM ******* Epoch 144, Train Loss 0.98, Val Loss 9.81, Train MAE 1.07, Val MAE 3.07 *******
End of epoch 144 / 200 	 Time Taken: 807 sec
08/09 03:31:56 AM ******* Epoch 145, Train Loss 0.91, Val Loss 9.27, Train MAE 1.03, Val MAE 3.06 *******
End of epoch 145 / 200 	 Time Taken: 809 sec
08/09 03:45:27 AM ******* Epoch 146, Train Loss 1.04, Val Loss 9.41, Train MAE 1.11, Val MAE 3.01 *******
End of epoch 146 / 200 	 Time Taken: 810 sec
08/09 03:58:53 AM ******* Epoch 147, Train Loss 0.97, Val Loss 9.39, Train MAE 1.07, Val MAE 3.02 *******
End of epoch 147 / 200 	 Time Taken: 806 sec
08/09 04:12:21 AM ******* Epoch 148, Train Loss 0.93, Val Loss 9.55, Train MAE 1.03, Val MAE 3.09 *******
End of epoch 148 / 200 	 Time Taken: 807 sec
08/09 04:25:48 AM ******* Epoch 149, Train Loss 0.92, Val Loss 10.07, Train MAE 1.03, Val MAE 3.13 *******
End of epoch 149 / 200 	 Time Taken: 807 sec
08/09 04:39:19 AM ******* Epoch 150, Train Loss 0.96, Val Loss 9.61, Train MAE 1.06, Val MAE 3.06 *******
End of epoch 150 / 200 	 Time Taken: 810 sec
08/09 04:52:47 AM ******* Epoch 151, Train Loss 0.85, Val Loss 9.48, Train MAE 1.00, Val MAE 3.03 *******
End of epoch 151 / 200 	 Time Taken: 807 sec
08/09 05:06:14 AM ******* Epoch 152, Train Loss 0.87, Val Loss 9.75, Train MAE 1.00, Val MAE 3.06 *******
End of epoch 152 / 200 	 Time Taken: 807 sec
08/09 05:19:44 AM ******* Epoch 153, Train Loss 0.88, Val Loss 9.30, Train MAE 0.98, Val MAE 2.98 *******
End of epoch 153 / 200 	 Time Taken: 809 sec
08/09 05:33:12 AM ******* Epoch 154, Train Loss 0.81, Val Loss 10.22, Train MAE 0.97, Val MAE 3.05 *******
End of epoch 154 / 200 	 Time Taken: 808 sec
08/09 05:46:40 AM ******* Epoch 155, Train Loss 0.86, Val Loss 9.67, Train MAE 0.99, Val MAE 3.04 *******
End of epoch 155 / 200 	 Time Taken: 807 sec
08/09 06:00:10 AM ******* Epoch 156, Train Loss 0.77, Val Loss 9.36, Train MAE 0.94, Val MAE 3.00 *******
End of epoch 156 / 200 	 Time Taken: 809 sec
08/09 06:13:37 AM ******* Epoch 157, Train Loss 0.84, Val Loss 9.48, Train MAE 0.97, Val MAE 3.03 *******
End of epoch 157 / 200 	 Time Taken: 807 sec
08/09 06:27:07 AM ******* Epoch 158, Train Loss 0.79, Val Loss 9.82, Train MAE 0.95, Val MAE 3.05 *******
End of epoch 158 / 200 	 Time Taken: 809 sec
08/09 06:40:37 AM ******* Epoch 159, Train Loss 0.79, Val Loss 9.52, Train MAE 0.95, Val MAE 3.03 *******
End of epoch 159 / 200 	 Time Taken: 810 sec
08/09 06:54:05 AM ******* Epoch 160, Train Loss 0.72, Val Loss 9.48, Train MAE 0.91, Val MAE 3.03 *******
End of epoch 160 / 200 	 Time Taken: 807 sec
08/09 07:07:32 AM ******* Epoch 161, Train Loss 0.70, Val Loss 9.39, Train MAE 0.89, Val MAE 2.99 *******
End of epoch 161 / 200 	 Time Taken: 807 sec
08/09 07:20:59 AM ******* Epoch 162, Train Loss 0.74, Val Loss 9.19, Train MAE 0.92, Val MAE 3.02 *******
End of epoch 162 / 200 	 Time Taken: 806 sec
08/09 07:34:25 AM ******* Epoch 163, Train Loss 0.71, Val Loss 9.89, Train MAE 0.90, Val MAE 3.04 *******
End of epoch 163 / 200 	 Time Taken: 806 sec
08/09 07:47:54 AM ******* Epoch 164, Train Loss 0.69, Val Loss 9.12, Train MAE 0.89, Val MAE 2.99 *******
End of epoch 164 / 200 	 Time Taken: 808 sec
08/09 08:01:22 AM ******* Epoch 165, Train Loss 0.74, Val Loss 9.78, Train MAE 0.91, Val MAE 3.02 *******
End of epoch 165 / 200 	 Time Taken: 807 sec
08/09 08:14:49 AM ******* Epoch 166, Train Loss 0.72, Val Loss 9.50, Train MAE 0.91, Val MAE 3.02 *******
End of epoch 166 / 200 	 Time Taken: 807 sec
08/09 08:28:17 AM ******* Epoch 167, Train Loss 0.71, Val Loss 9.08, Train MAE 0.89, Val MAE 2.99 *******
End of epoch 167 / 200 	 Time Taken: 807 sec
08/09 08:41:49 AM ******* Epoch 168, Train Loss 0.69, Val Loss 9.37, Train MAE 0.88, Val MAE 3.00 *******
End of epoch 168 / 200 	 Time Taken: 811 sec
08/09 08:55:19 AM ******* Epoch 169, Train Loss 0.70, Val Loss 9.49, Train MAE 0.89, Val MAE 3.00 *******
End of epoch 169 / 200 	 Time Taken: 809 sec
08/09 09:08:47 AM ******* Epoch 170, Train Loss 0.66, Val Loss 9.52, Train MAE 0.86, Val MAE 3.08 *******
End of epoch 170 / 200 	 Time Taken: 808 sec
08/09 09:22:17 AM ******* Epoch 171, Train Loss 0.65, Val Loss 9.33, Train MAE 0.85, Val MAE 3.05 *******
End of epoch 171 / 200 	 Time Taken: 810 sec
08/09 09:35:47 AM ******* Epoch 172, Train Loss 0.64, Val Loss 9.50, Train MAE 0.84, Val MAE 3.07 *******
End of epoch 172 / 200 	 Time Taken: 810 sec
08/09 09:49:18 AM ******* Epoch 173, Train Loss 0.62, Val Loss 9.19, Train MAE 0.84, Val MAE 3.01 *******
End of epoch 173 / 200 	 Time Taken: 810 sec
08/09 10:02:45 AM ******* Epoch 174, Train Loss 0.63, Val Loss 9.26, Train MAE 0.84, Val MAE 3.03 *******
End of epoch 174 / 200 	 Time Taken: 806 sec
08/09 10:16:13 AM ******* Epoch 175, Train Loss 0.60, Val Loss 9.45, Train MAE 0.82, Val MAE 3.02 *******
End of epoch 175 / 200 	 Time Taken: 807 sec
08/09 10:29:42 AM ******* Epoch 176, Train Loss 0.61, Val Loss 9.32, Train MAE 0.81, Val MAE 3.02 *******
End of epoch 176 / 200 	 Time Taken: 809 sec
08/09 10:43:13 AM ******* Epoch 177, Train Loss 0.59, Val Loss 9.45, Train MAE 0.81, Val MAE 3.04 *******
End of epoch 177 / 200 	 Time Taken: 811 sec
08/09 10:56:42 AM ******* Epoch 178, Train Loss 0.61, Val Loss 9.61, Train MAE 0.82, Val MAE 3.01 *******
End of epoch 178 / 200 	 Time Taken: 808 sec
08/09 11:10:11 AM ******* Epoch 179, Train Loss 0.61, Val Loss 9.69, Train MAE 0.82, Val MAE 3.03 *******
End of epoch 179 / 200 	 Time Taken: 809 sec
08/09 11:23:38 AM ******* Epoch 180, Train Loss 0.62, Val Loss 9.33, Train MAE 0.83, Val MAE 3.04 *******
End of epoch 180 / 200 	 Time Taken: 807 sec
08/09 11:37:05 AM ******* Epoch 181, Train Loss 0.60, Val Loss 9.32, Train MAE 0.82, Val MAE 3.00 *******
End of epoch 181 / 200 	 Time Taken: 806 sec
08/09 11:50:34 AM ******* Epoch 182, Train Loss 0.60, Val Loss 9.36, Train MAE 0.82, Val MAE 3.02 *******
End of epoch 182 / 200 	 Time Taken: 809 sec
08/09 12:04:02 PM ******* Epoch 183, Train Loss 0.62, Val Loss 10.30, Train MAE 0.82, Val MAE 3.05 *******
End of epoch 183 / 200 	 Time Taken: 808 sec
08/09 12:17:30 PM ******* Epoch 184, Train Loss 0.60, Val Loss 9.77, Train MAE 0.81, Val MAE 2.98 *******
End of epoch 184 / 200 	 Time Taken: 808 sec
08/09 12:30:58 PM ******* Epoch 185, Train Loss 0.60, Val Loss 9.72, Train MAE 0.81, Val MAE 3.03 *******
End of epoch 185 / 200 	 Time Taken: 807 sec
08/09 12:44:27 PM ******* Epoch 186, Train Loss 0.57, Val Loss 9.28, Train MAE 0.79, Val MAE 3.02 *******
End of epoch 186 / 200 	 Time Taken: 809 sec
08/09 12:57:57 PM ******* Epoch 187, Train Loss 0.60, Val Loss 9.52, Train MAE 0.80, Val MAE 3.05 *******
End of epoch 187 / 200 	 Time Taken: 809 sec
08/09 01:11:25 PM ******* Epoch 188, Train Loss 0.59, Val Loss 9.35, Train MAE 0.80, Val MAE 3.01 *******
End of epoch 188 / 200 	 Time Taken: 808 sec
08/09 01:24:55 PM ******* Epoch 189, Train Loss 0.58, Val Loss 9.30, Train MAE 0.79, Val MAE 3.00 *******
End of epoch 189 / 200 	 Time Taken: 809 sec
08/09 01:38:23 PM ******* Epoch 190, Train Loss 0.55, Val Loss 9.64, Train MAE 0.76, Val MAE 3.01 *******
End of epoch 190 / 200 	 Time Taken: 807 sec
08/09 01:51:51 PM ******* Epoch 191, Train Loss 0.58, Val Loss 9.35, Train MAE 0.79, Val MAE 3.02 *******
End of epoch 191 / 200 	 Time Taken: 808 sec
08/09 02:05:21 PM ******* Epoch 192, Train Loss 0.56, Val Loss 10.00, Train MAE 0.78, Val MAE 3.06 *******
End of epoch 192 / 200 	 Time Taken: 809 sec
08/09 02:18:50 PM ******* Epoch 193, Train Loss 0.57, Val Loss 9.39, Train MAE 0.79, Val MAE 3.03 *******
End of epoch 193 / 200 	 Time Taken: 809 sec
08/09 02:32:20 PM ******* Epoch 194, Train Loss 0.56, Val Loss 9.36, Train MAE 0.78, Val MAE 3.01 *******
End of epoch 194 / 200 	 Time Taken: 810 sec
08/09 02:45:47 PM ******* Epoch 195, Train Loss 0.58, Val Loss 9.41, Train MAE 0.79, Val MAE 3.03 *******
End of epoch 195 / 200 	 Time Taken: 806 sec
08/09 02:59:16 PM ******* Epoch 196, Train Loss 0.55, Val Loss 9.26, Train MAE 0.78, Val MAE 3.01 *******
End of epoch 196 / 200 	 Time Taken: 808 sec
08/09 03:12:43 PM ******* Epoch 197, Train Loss 0.56, Val Loss 9.96, Train MAE 0.79, Val MAE 3.01 *******
End of epoch 197 / 200 	 Time Taken: 807 sec
08/09 03:26:10 PM ******* Epoch 198, Train Loss 0.56, Val Loss 9.36, Train MAE 0.78, Val MAE 3.01 *******
End of epoch 198 / 200 	 Time Taken: 806 sec
08/09 03:39:37 PM ******* Epoch 199, Train Loss 0.60, Val Loss 9.85, Train MAE 0.81, Val MAE 3.01 *******
End of epoch 199 / 200 	 Time Taken: 807 sec
08/09 03:53:06 PM ******* Epoch 200, Train Loss 0.56, Val Loss 9.46, Train MAE 0.78, Val MAE 3.02 *******
End of epoch 200 / 200 	 Time Taken: 808 sec
08/09 03:54:06 PM *******Again Last Epoch 200,  Val MAE 3.02, In Test MAE 3.16 *******
08/09 03:54:35 PM ******* Best Epoch 153, Train MAE 0.98, Val MAE 2.98, In Test MAE 3.17 *******
**** Exp 0 Finished Training! ****
Wed Aug  9 15:54:39 CST 2023
