Sun Aug  6 13:08:52 CST 2023
Sun Aug  6 13:08:52 2023       
+-----------------------------------------------------------------------------+
| NVIDIA-SMI 470.57.02    Driver Version: 470.57.02    CUDA Version: 11.4     |
|-------------------------------+----------------------+----------------------+
| GPU  Name        Persistence-M| Bus-Id        Disp.A | Volatile Uncorr. ECC |
| Fan  Temp  Perf  Pwr:Usage/Cap|         Memory-Usage | GPU-Util  Compute M. |
|                               |                      |               MIG M. |
|===============================+======================+======================|
|   0  NVIDIA A100 80G...  On   | 00000000:65:00.0 Off |                    0 |
| N/A   29C    P0    42W / 300W |      0MiB / 81251MiB |      0%      Default |
|                               |                      |             Disabled |
+-------------------------------+----------------------+----------------------+
                                                                               
+-----------------------------------------------------------------------------+
| Processes:                                                                  |
|  GPU   GI   CI        PID   Type   Process name                  GPU Memory |
|        ID   ID                                                   Usage      |
|=============================================================================|
|  No running processes found                                                 |
+-----------------------------------------------------------------------------+
----------------- Options ---------------
                   GPU_no: 0                             
                  GPU_num: 1                             
               batch_size: 8                             
                loss_func: MSE                           
                     lr_s: 0.001                         
              model_depth: 34                            
                 n_epochs: 200                           
                   n_exps: 1                             
                     note:                               
                  parsave: /public/bme/home/zhaonan/brain_age_est/codes/OUTPUT/threeview-20230806-131023	[default: None]
               pretrain_s: False                         
                     wd_s: 0.0001                        
----------------- End -------------------
******** Training on exp 1 ********
08/06 01:10:28 PM sMRI, param size = 0.700 MB
---------- Networks initialized -------------
Threeview_CNN(
  (encoder_B): Encoder2d(
    (pool1): MaxPool2d(kernel_size=(2, 2), stride=2, padding=0, dilation=1, ceil_mode=False)
    (pool2): MaxPool2d(kernel_size=(2, 2), stride=2, padding=0, dilation=1, ceil_mode=False)
    (pool3): MaxPool2d(kernel_size=(2, 2), stride=2, padding=0, dilation=1, ceil_mode=False)
    (in_tr): InputTransition2d(
      (conv1): Conv2d(1, 16, kernel_size=(3, 3), stride=(1, 1), padding=(1, 1))
      (bn1): InstanceNorm2d(16, eps=1e-05, momentum=0.1, affine=True, track_running_stats=False)
      (activate1): ReLU()
    )
    (down_conv_bk2): Conv2D_Block(
      (conv1_blk): Sequential(
        (0): Conv2d(16, 32, kernel_size=(3, 3), stride=(1, 1), padding=(1, 1))
        (1): InstanceNorm2d(32, eps=1e-05, momentum=0.1, affine=True, track_running_stats=False)
        (2): ReLU()
      )
      (downsample): Conv2d(16, 32, kernel_size=(1, 1), stride=(1, 1), bias=False)
    )
    (down_conv_bk3): Conv2D_Block(
      (conv1_blk): Sequential(
        (0): Conv2d(32, 64, kernel_size=(3, 3), stride=(1, 1), padding=(1, 1))
        (1): InstanceNorm2d(64, eps=1e-05, momentum=0.1, affine=True, track_running_stats=False)
        (2): ReLU()
      )
      (downsample): Conv2d(32, 64, kernel_size=(1, 1), stride=(1, 1), bias=False)
    )
    (down_conv_bk4): Conv2D_Block(
      (conv1_blk): Sequential(
        (0): Conv2d(64, 128, kernel_size=(3, 3), stride=(1, 1), padding=(1, 1))
        (1): InstanceNorm2d(128, eps=1e-05, momentum=0.1, affine=True, track_running_stats=False)
        (2): ReLU()
      )
      (downsample): Conv2d(64, 128, kernel_size=(1, 1), stride=(1, 1), bias=False)
    )
    (block_1_pool): MaxPool2d(kernel_size=2, stride=2, padding=0, dilation=1, ceil_mode=False)
    (block_2_1): Sequential(
      (0): Conv2d(128, 128, kernel_size=(3, 3), stride=(1, 1), padding=(1, 1))
      (1): InstanceNorm2d(128, eps=1e-05, momentum=0.1, affine=True, track_running_stats=False)
      (2): ReLU()
      (3): Conv2d(128, 128, kernel_size=(3, 3), stride=(1, 1), padding=(1, 1))
      (4): InstanceNorm2d(128, eps=1e-05, momentum=0.1, affine=True, track_running_stats=False)
      (5): ReLU()
      (6): Conv2d(128, 128, kernel_size=(3, 3), stride=(1, 1), padding=(1, 1))
      (7): InstanceNorm2d(128, eps=1e-05, momentum=0.1, affine=True, track_running_stats=False)
      (8): ReLU()
    )
    (block_2_pool): MaxPool2d(kernel_size=2, stride=2, padding=0, dilation=1, ceil_mode=False)
    (block_3_1): Sequential(
      (0): AdaptiveAvgPool2d(output_size=1)
      (1): Flatten(start_dim=1, end_dim=-1)
      (2): Linear(in_features=128, out_features=128, bias=True)
    )
  )
  (fusion_blk): Sequential(
    (0): Linear(in_features=384, out_features=256, bias=True)
    (1): ReLU()
    (2): Linear(in_features=256, out_features=128, bias=True)
    (3): ReLU()
    (4): Linear(in_features=128, out_features=1, bias=True)
  )
)
[Network sMRI] Total number of parameters : 0.700 M
[Network sMRI] Total number of trainable parameters : 0.700 M
-----------------------------------------------
08/06 01:14:14 PM ******* Epoch 1, Train Loss 215.26, Val Loss 57.58, Train MAE 17.17, Val MAE 8.79 *******
End of epoch 1 / 200 	 Time Taken: 226 sec
08/06 01:17:57 PM ******* Epoch 2, Train Loss 73.04, Val Loss 114.10, Train MAE 9.18, Val MAE 11.76 *******
End of epoch 2 / 200 	 Time Taken: 223 sec
08/06 01:21:38 PM ******* Epoch 3, Train Loss 59.44, Val Loss 42.44, Train MAE 8.22, Val MAE 6.77 *******
End of epoch 3 / 200 	 Time Taken: 220 sec
08/06 01:25:16 PM ******* Epoch 4, Train Loss 58.19, Val Loss 39.50, Train MAE 8.09, Val MAE 6.62 *******
End of epoch 4 / 200 	 Time Taken: 218 sec
08/06 01:28:57 PM ******* Epoch 5, Train Loss 51.43, Val Loss 81.86, Train MAE 7.69, Val MAE 9.79 *******
End of epoch 5 / 200 	 Time Taken: 221 sec
08/06 01:32:36 PM ******* Epoch 6, Train Loss 44.63, Val Loss 55.53, Train MAE 7.09, Val MAE 7.95 *******
End of epoch 6 / 200 	 Time Taken: 218 sec
08/06 01:36:17 PM ******* Epoch 7, Train Loss 46.19, Val Loss 34.22, Train MAE 7.23, Val MAE 5.96 *******
End of epoch 7 / 200 	 Time Taken: 220 sec
08/06 01:39:57 PM ******* Epoch 8, Train Loss 41.60, Val Loss 61.61, Train MAE 6.85, Val MAE 8.50 *******
End of epoch 8 / 200 	 Time Taken: 219 sec
08/06 01:43:34 PM ******* Epoch 9, Train Loss 43.26, Val Loss 95.12, Train MAE 7.00, Val MAE 10.83 *******
End of epoch 9 / 200 	 Time Taken: 216 sec
08/06 01:47:09 PM ******* Epoch 10, Train Loss 42.95, Val Loss 27.32, Train MAE 6.97, Val MAE 5.49 *******
End of epoch 10 / 200 	 Time Taken: 215 sec
08/06 01:50:46 PM ******* Epoch 11, Train Loss 40.15, Val Loss 29.35, Train MAE 6.78, Val MAE 5.84 *******
End of epoch 11 / 200 	 Time Taken: 217 sec
08/06 01:54:25 PM ******* Epoch 12, Train Loss 41.42, Val Loss 30.41, Train MAE 6.83, Val MAE 5.63 *******
End of epoch 12 / 200 	 Time Taken: 218 sec
08/06 01:58:03 PM ******* Epoch 13, Train Loss 36.78, Val Loss 31.97, Train MAE 6.42, Val MAE 5.63 *******
End of epoch 13 / 200 	 Time Taken: 218 sec
08/06 02:01:40 PM ******* Epoch 14, Train Loss 41.46, Val Loss 26.96, Train MAE 6.94, Val MAE 5.46 *******
End of epoch 14 / 200 	 Time Taken: 217 sec
08/06 02:05:18 PM ******* Epoch 15, Train Loss 40.73, Val Loss 34.75, Train MAE 6.73, Val MAE 5.96 *******
End of epoch 15 / 200 	 Time Taken: 217 sec
08/06 02:08:59 PM ******* Epoch 16, Train Loss 37.42, Val Loss 33.69, Train MAE 6.47, Val MAE 6.58 *******
End of epoch 16 / 200 	 Time Taken: 220 sec
08/06 02:12:40 PM ******* Epoch 17, Train Loss 34.92, Val Loss 45.40, Train MAE 6.34, Val MAE 7.34 *******
End of epoch 17 / 200 	 Time Taken: 221 sec
08/06 02:16:20 PM ******* Epoch 18, Train Loss 35.65, Val Loss 24.44, Train MAE 6.34, Val MAE 5.23 *******
End of epoch 18 / 200 	 Time Taken: 219 sec
08/06 02:19:55 PM ******* Epoch 19, Train Loss 32.13, Val Loss 34.53, Train MAE 6.04, Val MAE 6.00 *******
End of epoch 19 / 200 	 Time Taken: 215 sec
08/06 02:23:33 PM ******* Epoch 20, Train Loss 34.12, Val Loss 28.93, Train MAE 6.20, Val MAE 5.69 *******
End of epoch 20 / 200 	 Time Taken: 217 sec
08/06 02:27:08 PM ******* Epoch 21, Train Loss 33.96, Val Loss 24.25, Train MAE 6.18, Val MAE 5.30 *******
End of epoch 21 / 200 	 Time Taken: 215 sec
08/06 02:30:45 PM ******* Epoch 22, Train Loss 31.52, Val Loss 30.56, Train MAE 5.96, Val MAE 5.79 *******
End of epoch 22 / 200 	 Time Taken: 216 sec
08/06 02:34:22 PM ******* Epoch 23, Train Loss 33.27, Val Loss 37.67, Train MAE 6.15, Val MAE 6.31 *******
End of epoch 23 / 200 	 Time Taken: 216 sec
08/06 02:38:00 PM ******* Epoch 24, Train Loss 29.14, Val Loss 23.10, Train MAE 5.77, Val MAE 4.98 *******
End of epoch 24 / 200 	 Time Taken: 217 sec
08/06 02:41:36 PM ******* Epoch 25, Train Loss 32.49, Val Loss 26.39, Train MAE 6.01, Val MAE 5.63 *******
End of epoch 25 / 200 	 Time Taken: 216 sec
08/06 02:45:14 PM ******* Epoch 26, Train Loss 31.38, Val Loss 21.38, Train MAE 5.98, Val MAE 4.89 *******
End of epoch 26 / 200 	 Time Taken: 217 sec
08/06 02:48:51 PM ******* Epoch 27, Train Loss 29.91, Val Loss 23.77, Train MAE 5.73, Val MAE 5.24 *******
End of epoch 27 / 200 	 Time Taken: 216 sec
08/06 02:52:32 PM ******* Epoch 28, Train Loss 29.91, Val Loss 31.80, Train MAE 5.76, Val MAE 5.91 *******
End of epoch 28 / 200 	 Time Taken: 221 sec
08/06 02:56:11 PM ******* Epoch 29, Train Loss 26.62, Val Loss 37.62, Train MAE 5.45, Val MAE 6.42 *******
End of epoch 29 / 200 	 Time Taken: 218 sec
08/06 02:59:50 PM ******* Epoch 30, Train Loss 29.97, Val Loss 21.95, Train MAE 5.73, Val MAE 5.24 *******
End of epoch 30 / 200 	 Time Taken: 218 sec
08/06 03:03:29 PM ******* Epoch 31, Train Loss 27.84, Val Loss 42.44, Train MAE 5.57, Val MAE 6.60 *******
End of epoch 31 / 200 	 Time Taken: 219 sec
08/06 03:07:11 PM ******* Epoch 32, Train Loss 27.84, Val Loss 22.67, Train MAE 5.56, Val MAE 5.11 *******
End of epoch 32 / 200 	 Time Taken: 221 sec
08/06 03:10:51 PM ******* Epoch 33, Train Loss 28.44, Val Loss 23.10, Train MAE 5.68, Val MAE 5.21 *******
End of epoch 33 / 200 	 Time Taken: 220 sec
08/06 03:14:30 PM ******* Epoch 34, Train Loss 26.88, Val Loss 18.21, Train MAE 5.49, Val MAE 4.51 *******
End of epoch 34 / 200 	 Time Taken: 218 sec
08/06 03:18:08 PM ******* Epoch 35, Train Loss 27.14, Val Loss 23.98, Train MAE 5.52, Val MAE 5.14 *******
End of epoch 35 / 200 	 Time Taken: 218 sec
08/06 03:21:46 PM ******* Epoch 36, Train Loss 25.51, Val Loss 21.58, Train MAE 5.34, Val MAE 5.04 *******
End of epoch 36 / 200 	 Time Taken: 217 sec
08/06 03:25:26 PM ******* Epoch 37, Train Loss 26.75, Val Loss 28.63, Train MAE 5.51, Val MAE 5.64 *******
End of epoch 37 / 200 	 Time Taken: 219 sec
08/06 03:29:05 PM ******* Epoch 38, Train Loss 27.46, Val Loss 21.02, Train MAE 5.60, Val MAE 4.77 *******
End of epoch 38 / 200 	 Time Taken: 218 sec
08/06 03:32:44 PM ******* Epoch 39, Train Loss 26.38, Val Loss 29.88, Train MAE 5.36, Val MAE 5.82 *******
End of epoch 39 / 200 	 Time Taken: 219 sec
08/06 03:36:21 PM ******* Epoch 40, Train Loss 25.86, Val Loss 24.41, Train MAE 5.46, Val MAE 5.26 *******
End of epoch 40 / 200 	 Time Taken: 216 sec
08/06 03:39:58 PM ******* Epoch 41, Train Loss 26.32, Val Loss 24.01, Train MAE 5.40, Val MAE 5.41 *******
End of epoch 41 / 200 	 Time Taken: 217 sec
08/06 03:43:36 PM ******* Epoch 42, Train Loss 27.37, Val Loss 21.96, Train MAE 5.60, Val MAE 5.19 *******
End of epoch 42 / 200 	 Time Taken: 217 sec
08/06 03:47:14 PM ******* Epoch 43, Train Loss 26.36, Val Loss 18.73, Train MAE 5.40, Val MAE 4.54 *******
End of epoch 43 / 200 	 Time Taken: 217 sec
08/06 03:50:52 PM ******* Epoch 44, Train Loss 23.56, Val Loss 26.72, Train MAE 5.15, Val MAE 5.15 *******
End of epoch 44 / 200 	 Time Taken: 218 sec
08/06 03:54:29 PM ******* Epoch 45, Train Loss 23.95, Val Loss 21.33, Train MAE 5.19, Val MAE 5.15 *******
End of epoch 45 / 200 	 Time Taken: 217 sec
08/06 03:58:06 PM ******* Epoch 46, Train Loss 22.84, Val Loss 20.13, Train MAE 5.08, Val MAE 4.81 *******
End of epoch 46 / 200 	 Time Taken: 216 sec
08/06 04:01:43 PM ******* Epoch 47, Train Loss 25.28, Val Loss 17.87, Train MAE 5.31, Val MAE 4.53 *******
End of epoch 47 / 200 	 Time Taken: 216 sec
08/06 04:05:24 PM ******* Epoch 48, Train Loss 22.42, Val Loss 25.71, Train MAE 5.04, Val MAE 5.40 *******
End of epoch 48 / 200 	 Time Taken: 220 sec
08/06 04:09:04 PM ******* Epoch 49, Train Loss 24.62, Val Loss 34.85, Train MAE 5.28, Val MAE 6.23 *******
End of epoch 49 / 200 	 Time Taken: 220 sec
08/06 04:12:42 PM ******* Epoch 50, Train Loss 23.52, Val Loss 18.96, Train MAE 5.17, Val MAE 4.67 *******
End of epoch 50 / 200 	 Time Taken: 218 sec
08/06 04:16:24 PM ******* Epoch 51, Train Loss 23.74, Val Loss 22.28, Train MAE 5.15, Val MAE 5.11 *******
End of epoch 51 / 200 	 Time Taken: 221 sec
08/06 04:20:06 PM ******* Epoch 52, Train Loss 23.20, Val Loss 27.76, Train MAE 5.09, Val MAE 4.99 *******
End of epoch 52 / 200 	 Time Taken: 222 sec
08/06 04:23:48 PM ******* Epoch 53, Train Loss 21.64, Val Loss 22.08, Train MAE 4.97, Val MAE 4.72 *******
End of epoch 53 / 200 	 Time Taken: 222 sec
08/06 04:27:26 PM ******* Epoch 54, Train Loss 21.19, Val Loss 19.04, Train MAE 4.90, Val MAE 4.69 *******
End of epoch 54 / 200 	 Time Taken: 218 sec
08/06 04:31:04 PM ******* Epoch 55, Train Loss 22.23, Val Loss 18.16, Train MAE 5.04, Val MAE 4.57 *******
End of epoch 55 / 200 	 Time Taken: 217 sec
08/06 04:34:40 PM ******* Epoch 56, Train Loss 21.90, Val Loss 19.88, Train MAE 4.91, Val MAE 4.90 *******
End of epoch 56 / 200 	 Time Taken: 215 sec
08/06 04:38:19 PM ******* Epoch 57, Train Loss 22.38, Val Loss 20.08, Train MAE 4.98, Val MAE 4.52 *******
End of epoch 57 / 200 	 Time Taken: 218 sec
08/06 04:41:57 PM ******* Epoch 58, Train Loss 20.42, Val Loss 28.84, Train MAE 4.85, Val MAE 5.43 *******
End of epoch 58 / 200 	 Time Taken: 218 sec
08/06 04:45:37 PM ******* Epoch 59, Train Loss 22.31, Val Loss 21.07, Train MAE 5.05, Val MAE 4.75 *******
End of epoch 59 / 200 	 Time Taken: 219 sec
08/06 04:49:17 PM ******* Epoch 60, Train Loss 22.68, Val Loss 17.42, Train MAE 5.05, Val MAE 4.42 *******
End of epoch 60 / 200 	 Time Taken: 219 sec
08/06 04:53:00 PM ******* Epoch 61, Train Loss 20.56, Val Loss 26.64, Train MAE 4.85, Val MAE 5.24 *******
End of epoch 61 / 200 	 Time Taken: 223 sec
08/06 04:56:46 PM ******* Epoch 62, Train Loss 21.36, Val Loss 20.79, Train MAE 4.84, Val MAE 4.74 *******
End of epoch 62 / 200 	 Time Taken: 225 sec
08/06 05:00:37 PM ******* Epoch 63, Train Loss 21.69, Val Loss 18.91, Train MAE 4.96, Val MAE 4.54 *******
End of epoch 63 / 200 	 Time Taken: 230 sec
08/06 05:04:20 PM ******* Epoch 64, Train Loss 21.29, Val Loss 21.23, Train MAE 4.94, Val MAE 4.87 *******
End of epoch 64 / 200 	 Time Taken: 223 sec
08/06 05:08:05 PM ******* Epoch 65, Train Loss 20.90, Val Loss 35.94, Train MAE 4.88, Val MAE 6.50 *******
End of epoch 65 / 200 	 Time Taken: 225 sec
08/06 05:11:55 PM ******* Epoch 66, Train Loss 20.14, Val Loss 26.77, Train MAE 4.75, Val MAE 5.45 *******
End of epoch 66 / 200 	 Time Taken: 230 sec
08/06 05:15:45 PM ******* Epoch 67, Train Loss 20.25, Val Loss 17.54, Train MAE 4.76, Val MAE 4.57 *******
End of epoch 67 / 200 	 Time Taken: 230 sec
08/06 05:19:31 PM ******* Epoch 68, Train Loss 20.13, Val Loss 17.36, Train MAE 4.77, Val MAE 4.34 *******
End of epoch 68 / 200 	 Time Taken: 225 sec
08/06 05:23:17 PM ******* Epoch 69, Train Loss 21.12, Val Loss 20.78, Train MAE 4.86, Val MAE 4.72 *******
End of epoch 69 / 200 	 Time Taken: 225 sec
08/06 05:27:02 PM ******* Epoch 70, Train Loss 18.58, Val Loss 14.94, Train MAE 4.54, Val MAE 4.42 *******
End of epoch 70 / 200 	 Time Taken: 224 sec
08/06 05:30:46 PM ******* Epoch 71, Train Loss 19.87, Val Loss 18.90, Train MAE 4.67, Val MAE 4.47 *******
End of epoch 71 / 200 	 Time Taken: 223 sec
08/06 05:34:30 PM ******* Epoch 72, Train Loss 20.09, Val Loss 18.63, Train MAE 4.78, Val MAE 4.61 *******
End of epoch 72 / 200 	 Time Taken: 224 sec
08/06 05:38:13 PM ******* Epoch 73, Train Loss 20.38, Val Loss 20.68, Train MAE 4.82, Val MAE 4.64 *******
End of epoch 73 / 200 	 Time Taken: 223 sec
08/06 05:41:56 PM ******* Epoch 74, Train Loss 19.64, Val Loss 22.17, Train MAE 4.64, Val MAE 4.92 *******
End of epoch 74 / 200 	 Time Taken: 222 sec
08/06 05:45:36 PM ******* Epoch 75, Train Loss 19.21, Val Loss 17.09, Train MAE 4.66, Val MAE 4.42 *******
End of epoch 75 / 200 	 Time Taken: 220 sec
08/06 05:49:17 PM ******* Epoch 76, Train Loss 18.57, Val Loss 24.02, Train MAE 4.61, Val MAE 5.03 *******
End of epoch 76 / 200 	 Time Taken: 220 sec
08/06 05:52:56 PM ******* Epoch 77, Train Loss 18.98, Val Loss 16.31, Train MAE 4.57, Val MAE 4.26 *******
End of epoch 77 / 200 	 Time Taken: 218 sec
08/06 05:56:38 PM ******* Epoch 78, Train Loss 19.14, Val Loss 18.82, Train MAE 4.63, Val MAE 4.39 *******
End of epoch 78 / 200 	 Time Taken: 222 sec
08/06 06:00:17 PM ******* Epoch 79, Train Loss 18.61, Val Loss 16.34, Train MAE 4.54, Val MAE 4.23 *******
End of epoch 79 / 200 	 Time Taken: 219 sec
08/06 06:03:58 PM ******* Epoch 80, Train Loss 18.74, Val Loss 16.75, Train MAE 4.54, Val MAE 4.50 *******
End of epoch 80 / 200 	 Time Taken: 220 sec
08/06 06:07:37 PM ******* Epoch 81, Train Loss 18.15, Val Loss 18.39, Train MAE 4.51, Val MAE 4.55 *******
End of epoch 81 / 200 	 Time Taken: 219 sec
08/06 06:11:15 PM ******* Epoch 82, Train Loss 18.31, Val Loss 18.23, Train MAE 4.51, Val MAE 4.33 *******
End of epoch 82 / 200 	 Time Taken: 218 sec
08/06 06:14:56 PM ******* Epoch 83, Train Loss 17.63, Val Loss 17.27, Train MAE 4.47, Val MAE 4.43 *******
End of epoch 83 / 200 	 Time Taken: 220 sec
08/06 06:18:38 PM ******* Epoch 84, Train Loss 18.14, Val Loss 18.63, Train MAE 4.49, Val MAE 4.58 *******
End of epoch 84 / 200 	 Time Taken: 222 sec
08/06 06:22:16 PM ******* Epoch 85, Train Loss 19.25, Val Loss 23.78, Train MAE 4.63, Val MAE 4.71 *******
End of epoch 85 / 200 	 Time Taken: 218 sec
08/06 06:25:58 PM ******* Epoch 86, Train Loss 17.07, Val Loss 16.50, Train MAE 4.40, Val MAE 4.25 *******
End of epoch 86 / 200 	 Time Taken: 222 sec
08/06 06:29:41 PM ******* Epoch 87, Train Loss 17.41, Val Loss 18.31, Train MAE 4.41, Val MAE 4.47 *******
End of epoch 87 / 200 	 Time Taken: 222 sec
08/06 06:33:28 PM ******* Epoch 88, Train Loss 17.02, Val Loss 16.45, Train MAE 4.39, Val MAE 4.20 *******
End of epoch 88 / 200 	 Time Taken: 226 sec
08/06 06:37:10 PM ******* Epoch 89, Train Loss 17.85, Val Loss 17.33, Train MAE 4.49, Val MAE 4.40 *******
End of epoch 89 / 200 	 Time Taken: 222 sec
08/06 06:40:57 PM ******* Epoch 90, Train Loss 16.77, Val Loss 16.19, Train MAE 4.37, Val MAE 4.32 *******
End of epoch 90 / 200 	 Time Taken: 226 sec
08/06 06:44:42 PM ******* Epoch 91, Train Loss 16.16, Val Loss 15.76, Train MAE 4.31, Val MAE 4.55 *******
End of epoch 91 / 200 	 Time Taken: 225 sec
08/06 06:48:23 PM ******* Epoch 92, Train Loss 17.23, Val Loss 15.64, Train MAE 4.40, Val MAE 4.26 *******
End of epoch 92 / 200 	 Time Taken: 221 sec
08/06 06:52:07 PM ******* Epoch 93, Train Loss 16.75, Val Loss 20.71, Train MAE 4.37, Val MAE 4.65 *******
End of epoch 93 / 200 	 Time Taken: 223 sec
08/06 06:55:50 PM ******* Epoch 94, Train Loss 16.67, Val Loss 15.13, Train MAE 4.33, Val MAE 4.31 *******
End of epoch 94 / 200 	 Time Taken: 222 sec
08/06 06:59:29 PM ******* Epoch 95, Train Loss 15.78, Val Loss 15.77, Train MAE 4.24, Val MAE 4.24 *******
End of epoch 95 / 200 	 Time Taken: 219 sec
08/06 07:03:07 PM ******* Epoch 96, Train Loss 16.62, Val Loss 19.32, Train MAE 4.32, Val MAE 4.37 *******
End of epoch 96 / 200 	 Time Taken: 217 sec
08/06 07:06:47 PM ******* Epoch 97, Train Loss 15.98, Val Loss 17.51, Train MAE 4.23, Val MAE 4.43 *******
End of epoch 97 / 200 	 Time Taken: 220 sec
08/06 07:10:29 PM ******* Epoch 98, Train Loss 16.31, Val Loss 16.70, Train MAE 4.30, Val MAE 4.33 *******
End of epoch 98 / 200 	 Time Taken: 221 sec
08/06 07:14:15 PM ******* Epoch 99, Train Loss 15.49, Val Loss 17.12, Train MAE 4.20, Val MAE 4.47 *******
End of epoch 99 / 200 	 Time Taken: 226 sec
08/06 07:17:57 PM ******* Epoch 100, Train Loss 15.83, Val Loss 18.20, Train MAE 4.21, Val MAE 4.39 *******
End of epoch 100 / 200 	 Time Taken: 222 sec
08/06 07:21:39 PM ******* Epoch 101, Train Loss 14.98, Val Loss 18.94, Train MAE 4.16, Val MAE 4.54 *******
End of epoch 101 / 200 	 Time Taken: 221 sec
08/06 07:25:24 PM ******* Epoch 102, Train Loss 15.74, Val Loss 16.69, Train MAE 4.24, Val MAE 4.30 *******
End of epoch 102 / 200 	 Time Taken: 225 sec
08/06 07:29:11 PM ******* Epoch 103, Train Loss 15.12, Val Loss 17.53, Train MAE 4.12, Val MAE 4.36 *******
End of epoch 103 / 200 	 Time Taken: 226 sec
08/06 07:32:55 PM ******* Epoch 104, Train Loss 15.90, Val Loss 15.74, Train MAE 4.23, Val MAE 4.28 *******
End of epoch 104 / 200 	 Time Taken: 224 sec
08/06 07:36:41 PM ******* Epoch 105, Train Loss 15.37, Val Loss 15.62, Train MAE 4.16, Val MAE 4.15 *******
End of epoch 105 / 200 	 Time Taken: 226 sec
08/06 07:40:20 PM ******* Epoch 106, Train Loss 15.72, Val Loss 16.26, Train MAE 4.21, Val MAE 4.17 *******
End of epoch 106 / 200 	 Time Taken: 218 sec
08/06 07:43:59 PM ******* Epoch 107, Train Loss 14.68, Val Loss 16.07, Train MAE 4.08, Val MAE 4.18 *******
End of epoch 107 / 200 	 Time Taken: 218 sec
08/06 07:47:37 PM ******* Epoch 108, Train Loss 14.33, Val Loss 18.18, Train MAE 4.05, Val MAE 4.50 *******
End of epoch 108 / 200 	 Time Taken: 217 sec
08/06 07:51:14 PM ******* Epoch 109, Train Loss 14.72, Val Loss 13.96, Train MAE 4.10, Val MAE 3.94 *******
End of epoch 109 / 200 	 Time Taken: 217 sec
08/06 07:54:53 PM ******* Epoch 110, Train Loss 15.13, Val Loss 18.29, Train MAE 4.17, Val MAE 4.31 *******
End of epoch 110 / 200 	 Time Taken: 219 sec
08/06 07:58:33 PM ******* Epoch 111, Train Loss 15.48, Val Loss 18.34, Train MAE 4.14, Val MAE 4.68 *******
End of epoch 111 / 200 	 Time Taken: 219 sec
08/06 08:02:12 PM ******* Epoch 112, Train Loss 15.01, Val Loss 15.55, Train MAE 4.12, Val MAE 4.25 *******
End of epoch 112 / 200 	 Time Taken: 218 sec
08/06 08:05:47 PM ******* Epoch 113, Train Loss 14.97, Val Loss 14.55, Train MAE 4.06, Val MAE 3.95 *******
End of epoch 113 / 200 	 Time Taken: 215 sec
08/06 08:09:25 PM ******* Epoch 114, Train Loss 13.78, Val Loss 15.68, Train MAE 3.94, Val MAE 4.16 *******
End of epoch 114 / 200 	 Time Taken: 217 sec
08/06 08:13:03 PM ******* Epoch 115, Train Loss 14.64, Val Loss 18.26, Train MAE 4.11, Val MAE 4.47 *******
End of epoch 115 / 200 	 Time Taken: 217 sec
08/06 08:16:42 PM ******* Epoch 116, Train Loss 14.39, Val Loss 16.60, Train MAE 4.04, Val MAE 4.11 *******
End of epoch 116 / 200 	 Time Taken: 219 sec
08/06 08:20:22 PM ******* Epoch 117, Train Loss 13.97, Val Loss 13.33, Train MAE 3.97, Val MAE 3.80 *******
End of epoch 117 / 200 	 Time Taken: 220 sec
08/06 08:24:04 PM ******* Epoch 118, Train Loss 15.28, Val Loss 17.45, Train MAE 4.12, Val MAE 4.61 *******
End of epoch 118 / 200 	 Time Taken: 221 sec
08/06 08:27:44 PM ******* Epoch 119, Train Loss 14.93, Val Loss 17.78, Train MAE 4.04, Val MAE 4.46 *******
End of epoch 119 / 200 	 Time Taken: 220 sec
08/06 08:31:26 PM ******* Epoch 120, Train Loss 14.18, Val Loss 13.05, Train MAE 4.02, Val MAE 3.86 *******
End of epoch 120 / 200 	 Time Taken: 221 sec
08/06 08:35:06 PM ******* Epoch 121, Train Loss 13.70, Val Loss 15.64, Train MAE 3.92, Val MAE 4.27 *******
End of epoch 121 / 200 	 Time Taken: 220 sec
08/06 08:38:48 PM ******* Epoch 122, Train Loss 13.59, Val Loss 15.20, Train MAE 3.95, Val MAE 4.13 *******
End of epoch 122 / 200 	 Time Taken: 221 sec
08/06 08:42:26 PM ******* Epoch 123, Train Loss 13.83, Val Loss 16.54, Train MAE 3.96, Val MAE 4.12 *******
End of epoch 123 / 200 	 Time Taken: 217 sec
08/06 08:46:06 PM ******* Epoch 124, Train Loss 13.54, Val Loss 13.83, Train MAE 3.91, Val MAE 3.94 *******
End of epoch 124 / 200 	 Time Taken: 219 sec
08/06 08:49:50 PM ******* Epoch 125, Train Loss 13.37, Val Loss 14.54, Train MAE 3.91, Val MAE 4.13 *******
End of epoch 125 / 200 	 Time Taken: 224 sec
08/06 08:53:29 PM ******* Epoch 126, Train Loss 13.38, Val Loss 14.28, Train MAE 3.91, Val MAE 4.08 *******
End of epoch 126 / 200 	 Time Taken: 218 sec
08/06 08:57:14 PM ******* Epoch 127, Train Loss 12.51, Val Loss 14.23, Train MAE 3.77, Val MAE 4.04 *******
End of epoch 127 / 200 	 Time Taken: 224 sec
08/06 09:01:01 PM ******* Epoch 128, Train Loss 13.87, Val Loss 15.39, Train MAE 3.97, Val MAE 4.04 *******
End of epoch 128 / 200 	 Time Taken: 226 sec
08/06 09:04:46 PM ******* Epoch 129, Train Loss 13.01, Val Loss 17.20, Train MAE 3.87, Val MAE 4.23 *******
End of epoch 129 / 200 	 Time Taken: 225 sec
08/06 09:08:33 PM ******* Epoch 130, Train Loss 13.23, Val Loss 16.79, Train MAE 3.87, Val MAE 4.12 *******
End of epoch 130 / 200 	 Time Taken: 226 sec
08/06 09:12:11 PM ******* Epoch 131, Train Loss 12.74, Val Loss 16.39, Train MAE 3.78, Val MAE 4.11 *******
End of epoch 131 / 200 	 Time Taken: 217 sec
08/06 09:15:49 PM ******* Epoch 132, Train Loss 12.72, Val Loss 13.78, Train MAE 3.77, Val MAE 3.86 *******
End of epoch 132 / 200 	 Time Taken: 218 sec
08/06 09:19:29 PM ******* Epoch 133, Train Loss 12.77, Val Loss 14.90, Train MAE 3.81, Val MAE 4.11 *******
End of epoch 133 / 200 	 Time Taken: 219 sec
08/06 09:23:07 PM ******* Epoch 134, Train Loss 12.80, Val Loss 14.20, Train MAE 3.82, Val MAE 3.98 *******
End of epoch 134 / 200 	 Time Taken: 218 sec
08/06 09:26:44 PM ******* Epoch 135, Train Loss 13.05, Val Loss 13.26, Train MAE 3.84, Val MAE 3.93 *******
End of epoch 135 / 200 	 Time Taken: 217 sec
08/06 09:30:32 PM ******* Epoch 136, Train Loss 12.15, Val Loss 14.98, Train MAE 3.71, Val MAE 3.96 *******
End of epoch 136 / 200 	 Time Taken: 228 sec
08/06 09:34:16 PM ******* Epoch 137, Train Loss 12.14, Val Loss 16.80, Train MAE 3.67, Val MAE 4.15 *******
End of epoch 137 / 200 	 Time Taken: 223 sec
08/06 09:38:03 PM ******* Epoch 138, Train Loss 13.01, Val Loss 15.49, Train MAE 3.81, Val MAE 4.15 *******
End of epoch 138 / 200 	 Time Taken: 227 sec
08/06 09:41:51 PM ******* Epoch 139, Train Loss 12.63, Val Loss 13.40, Train MAE 3.75, Val MAE 3.92 *******
End of epoch 139 / 200 	 Time Taken: 227 sec
08/06 09:45:42 PM ******* Epoch 140, Train Loss 11.89, Val Loss 13.56, Train MAE 3.72, Val MAE 3.92 *******
End of epoch 140 / 200 	 Time Taken: 231 sec
08/06 09:49:34 PM ******* Epoch 141, Train Loss 11.72, Val Loss 16.14, Train MAE 3.70, Val MAE 4.41 *******
End of epoch 141 / 200 	 Time Taken: 231 sec
08/06 09:53:22 PM ******* Epoch 142, Train Loss 11.87, Val Loss 14.91, Train MAE 3.69, Val MAE 3.95 *******
End of epoch 142 / 200 	 Time Taken: 228 sec
08/06 09:57:06 PM ******* Epoch 143, Train Loss 12.07, Val Loss 15.79, Train MAE 3.68, Val MAE 4.23 *******
End of epoch 143 / 200 	 Time Taken: 223 sec
08/06 10:00:52 PM ******* Epoch 144, Train Loss 11.52, Val Loss 14.37, Train MAE 3.64, Val MAE 3.80 *******
End of epoch 144 / 200 	 Time Taken: 226 sec
08/06 10:04:43 PM ******* Epoch 145, Train Loss 11.49, Val Loss 16.13, Train MAE 3.63, Val MAE 4.30 *******
End of epoch 145 / 200 	 Time Taken: 230 sec
08/06 10:08:25 PM ******* Epoch 146, Train Loss 11.82, Val Loss 15.57, Train MAE 3.64, Val MAE 4.02 *******
End of epoch 146 / 200 	 Time Taken: 222 sec
08/06 10:12:06 PM ******* Epoch 147, Train Loss 12.17, Val Loss 14.19, Train MAE 3.71, Val MAE 3.91 *******
End of epoch 147 / 200 	 Time Taken: 221 sec
08/06 10:15:49 PM ******* Epoch 148, Train Loss 11.89, Val Loss 16.24, Train MAE 3.63, Val MAE 4.04 *******
End of epoch 148 / 200 	 Time Taken: 223 sec
08/06 10:19:37 PM ******* Epoch 149, Train Loss 11.68, Val Loss 13.75, Train MAE 3.63, Val MAE 3.80 *******
End of epoch 149 / 200 	 Time Taken: 227 sec
08/06 10:23:22 PM ******* Epoch 150, Train Loss 11.82, Val Loss 14.18, Train MAE 3.69, Val MAE 3.86 *******
End of epoch 150 / 200 	 Time Taken: 225 sec
08/06 10:27:07 PM ******* Epoch 151, Train Loss 11.32, Val Loss 13.83, Train MAE 3.59, Val MAE 3.87 *******
End of epoch 151 / 200 	 Time Taken: 224 sec
08/06 10:30:51 PM ******* Epoch 152, Train Loss 11.53, Val Loss 13.00, Train MAE 3.61, Val MAE 3.79 *******
End of epoch 152 / 200 	 Time Taken: 224 sec
08/06 10:34:31 PM ******* Epoch 153, Train Loss 11.33, Val Loss 17.27, Train MAE 3.57, Val MAE 4.29 *******
End of epoch 153 / 200 	 Time Taken: 220 sec
08/06 10:38:13 PM ******* Epoch 154, Train Loss 11.24, Val Loss 11.68, Train MAE 3.58, Val MAE 3.56 *******
End of epoch 154 / 200 	 Time Taken: 221 sec
08/06 10:41:55 PM ******* Epoch 155, Train Loss 10.49, Val Loss 14.21, Train MAE 3.47, Val MAE 3.90 *******
End of epoch 155 / 200 	 Time Taken: 222 sec
08/06 10:45:34 PM ******* Epoch 156, Train Loss 10.76, Val Loss 14.46, Train MAE 3.50, Val MAE 3.79 *******
End of epoch 156 / 200 	 Time Taken: 218 sec
08/06 10:49:12 PM ******* Epoch 157, Train Loss 10.65, Val Loss 13.78, Train MAE 3.44, Val MAE 3.92 *******
End of epoch 157 / 200 	 Time Taken: 218 sec
08/06 10:52:52 PM ******* Epoch 158, Train Loss 11.19, Val Loss 14.58, Train MAE 3.58, Val MAE 4.04 *******
End of epoch 158 / 200 	 Time Taken: 220 sec
08/06 10:56:34 PM ******* Epoch 159, Train Loss 11.05, Val Loss 13.06, Train MAE 3.59, Val MAE 3.83 *******
End of epoch 159 / 200 	 Time Taken: 221 sec
08/06 11:00:17 PM ******* Epoch 160, Train Loss 10.84, Val Loss 13.56, Train MAE 3.53, Val MAE 3.81 *******
End of epoch 160 / 200 	 Time Taken: 222 sec
08/06 11:03:58 PM ******* Epoch 161, Train Loss 11.05, Val Loss 15.47, Train MAE 3.56, Val MAE 4.04 *******
End of epoch 161 / 200 	 Time Taken: 221 sec
08/06 11:07:43 PM ******* Epoch 162, Train Loss 11.10, Val Loss 14.02, Train MAE 3.54, Val MAE 3.94 *******
End of epoch 162 / 200 	 Time Taken: 224 sec
08/06 11:11:26 PM ******* Epoch 163, Train Loss 10.77, Val Loss 13.17, Train MAE 3.51, Val MAE 3.82 *******
End of epoch 163 / 200 	 Time Taken: 223 sec
08/06 11:15:09 PM ******* Epoch 164, Train Loss 10.99, Val Loss 12.46, Train MAE 3.51, Val MAE 3.71 *******
End of epoch 164 / 200 	 Time Taken: 223 sec
08/06 11:18:50 PM ******* Epoch 165, Train Loss 10.94, Val Loss 15.14, Train MAE 3.48, Val MAE 4.03 *******
End of epoch 165 / 200 	 Time Taken: 220 sec
08/06 11:22:30 PM ******* Epoch 166, Train Loss 10.74, Val Loss 15.48, Train MAE 3.50, Val MAE 3.95 *******
End of epoch 166 / 200 	 Time Taken: 219 sec
08/06 11:26:09 PM ******* Epoch 167, Train Loss 11.09, Val Loss 13.47, Train MAE 3.57, Val MAE 3.89 *******
End of epoch 167 / 200 	 Time Taken: 219 sec
08/06 11:29:56 PM ******* Epoch 168, Train Loss 10.57, Val Loss 12.91, Train MAE 3.49, Val MAE 3.79 *******
End of epoch 168 / 200 	 Time Taken: 226 sec
08/06 11:33:42 PM ******* Epoch 169, Train Loss 10.34, Val Loss 14.08, Train MAE 3.43, Val MAE 3.98 *******
End of epoch 169 / 200 	 Time Taken: 226 sec
08/06 11:37:29 PM ******* Epoch 170, Train Loss 10.40, Val Loss 12.66, Train MAE 3.41, Val MAE 3.71 *******
End of epoch 170 / 200 	 Time Taken: 227 sec
08/06 11:41:11 PM ******* Epoch 171, Train Loss 10.10, Val Loss 13.41, Train MAE 3.37, Val MAE 3.84 *******
End of epoch 171 / 200 	 Time Taken: 222 sec
08/06 11:44:54 PM ******* Epoch 172, Train Loss 10.55, Val Loss 13.49, Train MAE 3.50, Val MAE 3.89 *******
End of epoch 172 / 200 	 Time Taken: 222 sec
08/06 11:48:43 PM ******* Epoch 173, Train Loss 10.10, Val Loss 13.38, Train MAE 3.42, Val MAE 3.77 *******
End of epoch 173 / 200 	 Time Taken: 228 sec
08/06 11:52:33 PM ******* Epoch 174, Train Loss 11.02, Val Loss 14.66, Train MAE 3.53, Val MAE 3.87 *******
End of epoch 174 / 200 	 Time Taken: 230 sec
08/06 11:56:21 PM ******* Epoch 175, Train Loss 10.59, Val Loss 14.99, Train MAE 3.46, Val MAE 3.96 *******
End of epoch 175 / 200 	 Time Taken: 227 sec
08/07 12:00:07 AM ******* Epoch 176, Train Loss 10.55, Val Loss 14.20, Train MAE 3.47, Val MAE 4.03 *******
End of epoch 176 / 200 	 Time Taken: 226 sec
08/07 12:03:58 AM ******* Epoch 177, Train Loss 10.22, Val Loss 13.34, Train MAE 3.41, Val MAE 3.86 *******
End of epoch 177 / 200 	 Time Taken: 230 sec
08/07 12:07:41 AM ******* Epoch 178, Train Loss 9.99, Val Loss 13.38, Train MAE 3.40, Val MAE 3.81 *******
End of epoch 178 / 200 	 Time Taken: 223 sec
08/07 12:11:21 AM ******* Epoch 179, Train Loss 10.08, Val Loss 13.40, Train MAE 3.43, Val MAE 3.77 *******
End of epoch 179 / 200 	 Time Taken: 219 sec
08/07 12:15:02 AM ******* Epoch 180, Train Loss 10.75, Val Loss 13.61, Train MAE 3.52, Val MAE 3.84 *******
End of epoch 180 / 200 	 Time Taken: 220 sec
08/07 12:18:42 AM ******* Epoch 181, Train Loss 10.70, Val Loss 12.49, Train MAE 3.49, Val MAE 3.61 *******
End of epoch 181 / 200 	 Time Taken: 220 sec
08/07 12:22:25 AM ******* Epoch 182, Train Loss 10.69, Val Loss 12.91, Train MAE 3.44, Val MAE 3.72 *******
End of epoch 182 / 200 	 Time Taken: 222 sec
08/07 12:26:05 AM ******* Epoch 183, Train Loss 9.92, Val Loss 12.56, Train MAE 3.34, Val MAE 3.77 *******
End of epoch 183 / 200 	 Time Taken: 220 sec
08/07 12:29:50 AM ******* Epoch 184, Train Loss 9.83, Val Loss 13.56, Train MAE 3.35, Val MAE 3.81 *******
End of epoch 184 / 200 	 Time Taken: 224 sec
08/07 12:33:32 AM ******* Epoch 185, Train Loss 10.27, Val Loss 13.10, Train MAE 3.40, Val MAE 3.81 *******
End of epoch 185 / 200 	 Time Taken: 222 sec
08/07 12:37:12 AM ******* Epoch 186, Train Loss 9.82, Val Loss 10.76, Train MAE 3.34, Val MAE 3.57 *******
End of epoch 186 / 200 	 Time Taken: 219 sec
08/07 12:40:51 AM ******* Epoch 187, Train Loss 10.29, Val Loss 13.47, Train MAE 3.40, Val MAE 3.83 *******
End of epoch 187 / 200 	 Time Taken: 218 sec
08/07 12:44:28 AM ******* Epoch 188, Train Loss 10.05, Val Loss 11.93, Train MAE 3.36, Val MAE 3.74 *******
End of epoch 188 / 200 	 Time Taken: 217 sec
08/07 12:48:08 AM ******* Epoch 189, Train Loss 10.44, Val Loss 13.00, Train MAE 3.48, Val MAE 3.68 *******
End of epoch 189 / 200 	 Time Taken: 219 sec
08/07 12:51:46 AM ******* Epoch 190, Train Loss 10.15, Val Loss 12.49, Train MAE 3.39, Val MAE 3.70 *******
End of epoch 190 / 200 	 Time Taken: 218 sec
08/07 12:55:22 AM ******* Epoch 191, Train Loss 10.21, Val Loss 15.15, Train MAE 3.41, Val MAE 4.00 *******
End of epoch 191 / 200 	 Time Taken: 215 sec
08/07 12:58:59 AM ******* Epoch 192, Train Loss 9.90, Val Loss 14.34, Train MAE 3.36, Val MAE 3.91 *******
End of epoch 192 / 200 	 Time Taken: 217 sec
08/07 01:02:42 AM ******* Epoch 193, Train Loss 10.34, Val Loss 11.54, Train MAE 3.43, Val MAE 3.58 *******
End of epoch 193 / 200 	 Time Taken: 223 sec
08/07 01:06:23 AM ******* Epoch 194, Train Loss 10.68, Val Loss 14.32, Train MAE 3.46, Val MAE 3.92 *******
End of epoch 194 / 200 	 Time Taken: 220 sec
08/07 01:10:01 AM ******* Epoch 195, Train Loss 10.63, Val Loss 11.80, Train MAE 3.48, Val MAE 3.66 *******
End of epoch 195 / 200 	 Time Taken: 218 sec
08/07 01:13:48 AM ******* Epoch 196, Train Loss 10.05, Val Loss 12.85, Train MAE 3.37, Val MAE 3.73 *******
End of epoch 196 / 200 	 Time Taken: 226 sec
08/07 01:17:34 AM ******* Epoch 197, Train Loss 9.92, Val Loss 14.01, Train MAE 3.38, Val MAE 3.93 *******
End of epoch 197 / 200 	 Time Taken: 226 sec
08/07 01:21:20 AM ******* Epoch 198, Train Loss 10.44, Val Loss 13.30, Train MAE 3.46, Val MAE 3.89 *******
End of epoch 198 / 200 	 Time Taken: 225 sec
08/07 01:25:06 AM ******* Epoch 199, Train Loss 10.10, Val Loss 13.07, Train MAE 3.39, Val MAE 3.74 *******
End of epoch 199 / 200 	 Time Taken: 225 sec
08/07 01:28:47 AM ******* Epoch 200, Train Loss 9.90, Val Loss 11.99, Train MAE 3.35, Val MAE 3.72 *******
End of epoch 200 / 200 	 Time Taken: 221 sec
08/07 01:29:06 AM *******Again Last Epoch 200,  Val MAE 3.72,  In Test MAE 3.87*******
08/07 01:29:14 AM ******* Best Epoch 154, Train MAE 3.58, Val MAE 3.56, In Test MAE 3.84 *******
**** Exp 0 Finished Training! ****
Mon Aug  7 01:29:22 CST 2023
