Fri Aug 11 15:32:37 CST 2023
Fri Aug 11 15:32:37 2023       
+-----------------------------------------------------------------------------+
| NVIDIA-SMI 515.65.07    Driver Version: 515.65.07    CUDA Version: 11.7     |
|-------------------------------+----------------------+----------------------+
| GPU  Name        Persistence-M| Bus-Id        Disp.A | Volatile Uncorr. ECC |
| Fan  Temp  Perf  Pwr:Usage/Cap|         Memory-Usage | GPU-Util  Compute M. |
|                               |                      |               MIG M. |
|===============================+======================+======================|
|   0  NVIDIA A100 80G...  On   | 00000000:35:00.0 Off |                    0 |
| N/A   33C    P0    44W / 300W |      0MiB / 81920MiB |      0%      Default |
|                               |                      |             Disabled |
+-------------------------------+----------------------+----------------------+
                                                                               
+-----------------------------------------------------------------------------+
| Processes:                                                                  |
|  GPU   GI   CI        PID   Type   Process name                  GPU Memory |
|        ID   ID                                                   Usage      |
|=============================================================================|
|  No running processes found                                                 |
+-----------------------------------------------------------------------------+
----------------- Options ---------------
                   GPU_no: 0                             
                  GPU_num: 1                             
               batch_size: 8                             
                loss_func: MSE                           
                     lr_s: 0.001                         
              model_depth: 34                            
                 n_epochs: 200                           
                   n_exps: 1                             
                     note:                               
                  parsave: /public/bme/home/zhaonan/brain_age_est/codes/BRAIN_AGE_ESTIMATION_CONFERENCE/OUTPUT/threedim_3view_GAF-20230811-153250	[default: None]
              pretrain_3D: False                         
                     wd_s: 0.0001                        
----------------- End -------------------
******** Training on exp 1 ********
08/11 03:32:52 PM sMRI, param size = 2.848 MB
---------- Networks initialized -------------
Threedim_3view_GAF_CNN(
  (encoder3d): Encoder3d(
    (pool1): MaxPool3d(kernel_size=(2, 2, 2), stride=(2, 2, 2), padding=0, dilation=1, ceil_mode=False)
    (pool2): MaxPool3d(kernel_size=(2, 2, 2), stride=(2, 2, 2), padding=0, dilation=1, ceil_mode=False)
    (pool3): MaxPool3d(kernel_size=(2, 2, 2), stride=(2, 2, 2), padding=0, dilation=1, ceil_mode=False)
    (in_tr): InputTransition3d(
      (conv1): Conv3d(1, 16, kernel_size=(3, 3, 3), stride=(1, 1, 1), padding=(1, 1, 1))
      (bn1): InstanceNorm3d(16, eps=1e-05, momentum=0.1, affine=True, track_running_stats=False)
      (activate1): ReLU(inplace=True)
    )
    (down_conv_bk2): Conv3D_Block(
      (conv1): Sequential(
        (0): Conv3d(16, 32, kernel_size=(3, 3, 3), stride=(1, 1, 1), padding=(1, 1, 1))
        (1): InstanceNorm3d(32, eps=1e-05, momentum=0.1, affine=True, track_running_stats=False)
        (2): ReLU()
      )
      (residual_upsampler): Conv3d(16, 32, kernel_size=(1, 1, 1), stride=(1, 1, 1), bias=False)
    )
    (down_conv_bk3): Conv3D_Block(
      (conv1): Sequential(
        (0): Conv3d(32, 64, kernel_size=(3, 3, 3), stride=(1, 1, 1), padding=(1, 1, 1))
        (1): InstanceNorm3d(64, eps=1e-05, momentum=0.1, affine=True, track_running_stats=False)
        (2): ReLU()
      )
      (residual_upsampler): Conv3d(32, 64, kernel_size=(1, 1, 1), stride=(1, 1, 1), bias=False)
    )
    (down_conv_bk4): Conv3D_Block(
      (conv1): Sequential(
        (0): Conv3d(64, 128, kernel_size=(3, 3, 3), stride=(1, 1, 1), padding=(1, 1, 1))
        (1): InstanceNorm3d(128, eps=1e-05, momentum=0.1, affine=True, track_running_stats=False)
        (2): ReLU()
      )
      (residual_upsampler): Conv3d(64, 128, kernel_size=(1, 1, 1), stride=(1, 1, 1), bias=False)
    )
    (block_1_pool): MaxPool3d(kernel_size=2, stride=2, padding=0, dilation=1, ceil_mode=False)
    (block_2_1): Sequential(
      (0): Conv3d(128, 128, kernel_size=(3, 3, 3), stride=(1, 1, 1), padding=(1, 1, 1))
      (1): InstanceNorm3d(128, eps=1e-05, momentum=0.1, affine=True, track_running_stats=False)
      (2): ReLU()
      (3): Conv3d(128, 128, kernel_size=(3, 3, 3), stride=(1, 1, 1), padding=(1, 1, 1))
      (4): InstanceNorm3d(128, eps=1e-05, momentum=0.1, affine=True, track_running_stats=False)
      (5): ReLU()
      (6): Conv3d(128, 128, kernel_size=(3, 3, 3), stride=(1, 1, 1), padding=(1, 1, 1))
      (7): InstanceNorm3d(128, eps=1e-05, momentum=0.1, affine=True, track_running_stats=False)
      (8): ReLU()
    )
    (block_2_pool): MaxPool3d(kernel_size=2, stride=2, padding=0, dilation=1, ceil_mode=False)
    (block_3_1): Sequential(
      (0): AdaptiveAvgPool3d(output_size=1)
      (1): Flatten(start_dim=1, end_dim=-1)
      (2): Linear(in_features=128, out_features=128, bias=True)
    )
  )
  (encoder_B): Encoder2d(
    (pool1): MaxPool2d(kernel_size=(2, 2), stride=2, padding=0, dilation=1, ceil_mode=False)
    (pool2): MaxPool2d(kernel_size=(2, 2), stride=2, padding=0, dilation=1, ceil_mode=False)
    (pool3): MaxPool2d(kernel_size=(2, 2), stride=2, padding=0, dilation=1, ceil_mode=False)
    (in_tr): InputTransition2d(
      (conv1): Conv2d(1, 16, kernel_size=(3, 3), stride=(1, 1), padding=(1, 1))
      (bn1): InstanceNorm2d(16, eps=1e-05, momentum=0.1, affine=True, track_running_stats=False)
      (activate1): ReLU()
    )
    (down_conv_bk2): Conv2D_Block(
      (conv1_blk): Sequential(
        (0): Conv2d(16, 32, kernel_size=(3, 3), stride=(1, 1), padding=(1, 1))
        (1): InstanceNorm2d(32, eps=1e-05, momentum=0.1, affine=True, track_running_stats=False)
        (2): ReLU()
      )
      (downsample): Conv2d(16, 32, kernel_size=(1, 1), stride=(1, 1), bias=False)
    )
    (down_conv_bk3): Conv2D_Block(
      (conv1_blk): Sequential(
        (0): Conv2d(32, 64, kernel_size=(3, 3), stride=(1, 1), padding=(1, 1))
        (1): InstanceNorm2d(64, eps=1e-05, momentum=0.1, affine=True, track_running_stats=False)
        (2): ReLU()
      )
      (downsample): Conv2d(32, 64, kernel_size=(1, 1), stride=(1, 1), bias=False)
    )
    (down_conv_bk4): Conv2D_Block(
      (conv1_blk): Sequential(
        (0): Conv2d(64, 128, kernel_size=(3, 3), stride=(1, 1), padding=(1, 1))
        (1): InstanceNorm2d(128, eps=1e-05, momentum=0.1, affine=True, track_running_stats=False)
        (2): ReLU()
      )
      (downsample): Conv2d(64, 128, kernel_size=(1, 1), stride=(1, 1), bias=False)
    )
    (block_1_pool): MaxPool2d(kernel_size=2, stride=2, padding=0, dilation=1, ceil_mode=False)
    (block_2_1): Sequential(
      (0): Conv2d(128, 128, kernel_size=(3, 3), stride=(1, 1), padding=(1, 1))
      (1): InstanceNorm2d(128, eps=1e-05, momentum=0.1, affine=True, track_running_stats=False)
      (2): ReLU()
      (3): Conv2d(128, 128, kernel_size=(3, 3), stride=(1, 1), padding=(1, 1))
      (4): InstanceNorm2d(128, eps=1e-05, momentum=0.1, affine=True, track_running_stats=False)
      (5): ReLU()
      (6): Conv2d(128, 128, kernel_size=(3, 3), stride=(1, 1), padding=(1, 1))
      (7): InstanceNorm2d(128, eps=1e-05, momentum=0.1, affine=True, track_running_stats=False)
      (8): ReLU()
    )
    (block_2_pool): MaxPool2d(kernel_size=2, stride=2, padding=0, dilation=1, ceil_mode=False)
    (block_3_1): Sequential(
      (0): AdaptiveAvgPool2d(output_size=1)
      (1): Flatten(start_dim=1, end_dim=-1)
      (2): Linear(in_features=128, out_features=128, bias=True)
    )
  )
  (GAF_block): Sequential(
    (0): Linear(in_features=219, out_features=256, bias=True)
    (1): ReLU()
    (2): Linear(in_features=256, out_features=128, bias=True)
  )
  (kv_block): Sequential(
    (0): ReLU()
    (1): Linear(in_features=128, out_features=128, bias=True)
  )
  (q1_block): Sequential(
    (0): ReLU()
    (1): Linear(in_features=128, out_features=128, bias=True)
  )
  (q2_block): Sequential(
    (0): ReLU()
    (1): Linear(in_features=128, out_features=128, bias=True)
  )
  (q3_block): Sequential(
    (0): ReLU()
    (1): Linear(in_features=128, out_features=128, bias=True)
  )
  (q4_block): Sequential(
    (0): ReLU()
    (1): Linear(in_features=128, out_features=128, bias=True)
  )
  (multihead_attn1): MultiheadAttention(
    (out_proj): NonDynamicallyQuantizableLinear(in_features=128, out_features=128, bias=True)
  )
  (multihead_attn2): MultiheadAttention(
    (out_proj): NonDynamicallyQuantizableLinear(in_features=128, out_features=128, bias=True)
  )
  (multihead_attn3): MultiheadAttention(
    (out_proj): NonDynamicallyQuantizableLinear(in_features=128, out_features=128, bias=True)
  )
  (multihead_attn4): MultiheadAttention(
    (out_proj): NonDynamicallyQuantizableLinear(in_features=128, out_features=128, bias=True)
  )
  (fusion_blk): Sequential(
    (0): Linear(in_features=640, out_features=256, bias=True)
    (1): ReLU()
    (2): Linear(in_features=256, out_features=128, bias=True)
  )
  (age_blk): Sequential(
    (0): ReLU()
    (1): Linear(in_features=128, out_features=1, bias=True)
  )
)
[Network sMRI] Total number of parameters : 2.848 M
[Network sMRI] Total number of trainable parameters : 2.848 M
-----------------------------------------------
08/11 03:38:10 PM ******* Epoch 1, Train Loss 180.71, Val Loss 36.95, Train MAE 15.01, Val MAE 6.59 *******
End of epoch 1 / 200 	 Time Taken: 318 sec
08/11 03:43:29 PM ******* Epoch 2, Train Loss 44.66, Val Loss 44.13, Train MAE 7.11, Val MAE 6.82 *******
End of epoch 2 / 200 	 Time Taken: 318 sec
08/11 03:48:29 PM ******* Epoch 3, Train Loss 35.03, Val Loss 44.66, Train MAE 6.34, Val MAE 7.42 *******
End of epoch 3 / 200 	 Time Taken: 300 sec
08/11 03:54:06 PM ******* Epoch 4, Train Loss 31.28, Val Loss 44.66, Train MAE 5.99, Val MAE 7.07 *******
End of epoch 4 / 200 	 Time Taken: 337 sec
08/11 03:59:23 PM ******* Epoch 5, Train Loss 26.91, Val Loss 26.31, Train MAE 5.54, Val MAE 5.42 *******
End of epoch 5 / 200 	 Time Taken: 316 sec
08/11 04:04:24 PM ******* Epoch 6, Train Loss 25.01, Val Loss 21.22, Train MAE 5.35, Val MAE 5.21 *******
End of epoch 6 / 200 	 Time Taken: 301 sec
08/11 04:09:49 PM ******* Epoch 7, Train Loss 28.88, Val Loss 27.27, Train MAE 5.78, Val MAE 5.83 *******
End of epoch 7 / 200 	 Time Taken: 324 sec
08/11 04:15:01 PM ******* Epoch 8, Train Loss 21.96, Val Loss 17.11, Train MAE 5.02, Val MAE 4.41 *******
End of epoch 8 / 200 	 Time Taken: 312 sec
08/11 04:20:09 PM ******* Epoch 9, Train Loss 21.04, Val Loss 17.31, Train MAE 4.91, Val MAE 4.07 *******
End of epoch 9 / 200 	 Time Taken: 307 sec
08/11 04:25:20 PM ******* Epoch 10, Train Loss 19.55, Val Loss 16.91, Train MAE 4.77, Val MAE 4.47 *******
End of epoch 10 / 200 	 Time Taken: 311 sec
08/11 04:30:39 PM ******* Epoch 11, Train Loss 18.89, Val Loss 15.97, Train MAE 4.59, Val MAE 4.18 *******
End of epoch 11 / 200 	 Time Taken: 319 sec
08/11 04:35:39 PM ******* Epoch 12, Train Loss 17.08, Val Loss 16.71, Train MAE 4.48, Val MAE 4.22 *******
End of epoch 12 / 200 	 Time Taken: 300 sec
08/11 04:41:00 PM ******* Epoch 13, Train Loss 16.64, Val Loss 15.23, Train MAE 4.36, Val MAE 4.13 *******
End of epoch 13 / 200 	 Time Taken: 320 sec
08/11 04:46:02 PM ******* Epoch 14, Train Loss 16.77, Val Loss 44.07, Train MAE 4.42, Val MAE 8.15 *******
End of epoch 14 / 200 	 Time Taken: 301 sec
08/11 04:51:31 PM ******* Epoch 15, Train Loss 16.31, Val Loss 32.68, Train MAE 4.33, Val MAE 6.28 *******
End of epoch 15 / 200 	 Time Taken: 329 sec
08/11 04:56:46 PM ******* Epoch 16, Train Loss 15.12, Val Loss 22.11, Train MAE 4.18, Val MAE 5.11 *******
End of epoch 16 / 200 	 Time Taken: 315 sec
08/11 05:01:50 PM ******* Epoch 17, Train Loss 16.88, Val Loss 23.41, Train MAE 4.41, Val MAE 4.93 *******
End of epoch 17 / 200 	 Time Taken: 303 sec
08/11 05:07:13 PM ******* Epoch 18, Train Loss 16.96, Val Loss 14.41, Train MAE 4.45, Val MAE 3.99 *******
End of epoch 18 / 200 	 Time Taken: 323 sec
08/11 05:12:29 PM ******* Epoch 19, Train Loss 15.47, Val Loss 14.96, Train MAE 4.26, Val MAE 4.34 *******
End of epoch 19 / 200 	 Time Taken: 315 sec
08/11 05:17:36 PM ******* Epoch 20, Train Loss 12.85, Val Loss 13.47, Train MAE 3.89, Val MAE 3.81 *******
End of epoch 20 / 200 	 Time Taken: 307 sec
08/11 05:22:59 PM ******* Epoch 21, Train Loss 14.06, Val Loss 19.56, Train MAE 4.01, Val MAE 4.81 *******
End of epoch 21 / 200 	 Time Taken: 322 sec
08/11 05:28:18 PM ******* Epoch 22, Train Loss 15.32, Val Loss 11.87, Train MAE 4.22, Val MAE 3.81 *******
End of epoch 22 / 200 	 Time Taken: 319 sec
08/11 05:33:29 PM ******* Epoch 23, Train Loss 11.01, Val Loss 12.71, Train MAE 3.63, Val MAE 3.80 *******
End of epoch 23 / 200 	 Time Taken: 310 sec
08/11 05:38:59 PM ******* Epoch 24, Train Loss 12.53, Val Loss 11.65, Train MAE 3.83, Val MAE 3.75 *******
End of epoch 24 / 200 	 Time Taken: 330 sec
08/11 05:44:10 PM ******* Epoch 25, Train Loss 10.79, Val Loss 11.18, Train MAE 3.57, Val MAE 3.64 *******
End of epoch 25 / 200 	 Time Taken: 311 sec
08/11 05:48:57 PM ******* Epoch 26, Train Loss 10.36, Val Loss 12.95, Train MAE 3.48, Val MAE 4.10 *******
End of epoch 26 / 200 	 Time Taken: 287 sec
08/11 05:54:01 PM ******* Epoch 27, Train Loss 10.04, Val Loss 13.13, Train MAE 3.48, Val MAE 3.52 *******
End of epoch 27 / 200 	 Time Taken: 303 sec
08/11 05:59:07 PM ******* Epoch 28, Train Loss 9.58, Val Loss 12.92, Train MAE 3.34, Val MAE 3.70 *******
End of epoch 28 / 200 	 Time Taken: 306 sec
08/11 06:04:06 PM ******* Epoch 29, Train Loss 9.80, Val Loss 13.83, Train MAE 3.41, Val MAE 4.04 *******
End of epoch 29 / 200 	 Time Taken: 298 sec
08/11 06:09:17 PM ******* Epoch 30, Train Loss 10.34, Val Loss 12.37, Train MAE 3.48, Val MAE 3.72 *******
End of epoch 30 / 200 	 Time Taken: 311 sec
08/11 06:14:35 PM ******* Epoch 31, Train Loss 9.90, Val Loss 11.60, Train MAE 3.43, Val MAE 3.63 *******
End of epoch 31 / 200 	 Time Taken: 318 sec
08/11 06:19:35 PM ******* Epoch 32, Train Loss 8.91, Val Loss 13.64, Train MAE 3.26, Val MAE 3.87 *******
End of epoch 32 / 200 	 Time Taken: 300 sec
08/11 06:24:59 PM ******* Epoch 33, Train Loss 8.34, Val Loss 15.31, Train MAE 3.11, Val MAE 4.30 *******
End of epoch 33 / 200 	 Time Taken: 323 sec
08/11 06:30:20 PM ******* Epoch 34, Train Loss 8.38, Val Loss 11.55, Train MAE 3.19, Val MAE 3.57 *******
End of epoch 34 / 200 	 Time Taken: 320 sec
08/11 06:35:23 PM ******* Epoch 35, Train Loss 9.04, Val Loss 10.65, Train MAE 3.25, Val MAE 3.53 *******
End of epoch 35 / 200 	 Time Taken: 303 sec
08/11 06:40:42 PM ******* Epoch 36, Train Loss 7.60, Val Loss 9.49, Train MAE 3.02, Val MAE 3.35 *******
End of epoch 36 / 200 	 Time Taken: 319 sec
08/11 06:46:04 PM ******* Epoch 37, Train Loss 7.59, Val Loss 25.59, Train MAE 2.98, Val MAE 5.64 *******
End of epoch 37 / 200 	 Time Taken: 322 sec
08/11 06:51:12 PM ******* Epoch 38, Train Loss 7.30, Val Loss 12.56, Train MAE 2.91, Val MAE 3.96 *******
End of epoch 38 / 200 	 Time Taken: 308 sec
08/11 06:56:37 PM ******* Epoch 39, Train Loss 6.43, Val Loss 14.22, Train MAE 2.77, Val MAE 4.10 *******
End of epoch 39 / 200 	 Time Taken: 325 sec
08/11 07:01:53 PM ******* Epoch 40, Train Loss 7.19, Val Loss 10.10, Train MAE 2.95, Val MAE 3.31 *******
End of epoch 40 / 200 	 Time Taken: 315 sec
08/11 07:07:03 PM ******* Epoch 41, Train Loss 6.51, Val Loss 9.88, Train MAE 2.78, Val MAE 3.32 *******
End of epoch 41 / 200 	 Time Taken: 310 sec
08/11 07:12:38 PM ******* Epoch 42, Train Loss 5.81, Val Loss 10.13, Train MAE 2.63, Val MAE 3.45 *******
End of epoch 42 / 200 	 Time Taken: 334 sec
08/11 07:18:06 PM ******* Epoch 43, Train Loss 6.21, Val Loss 11.85, Train MAE 2.67, Val MAE 3.83 *******
End of epoch 43 / 200 	 Time Taken: 328 sec
08/11 07:23:49 PM ******* Epoch 44, Train Loss 6.01, Val Loss 10.00, Train MAE 2.68, Val MAE 3.28 *******
End of epoch 44 / 200 	 Time Taken: 342 sec
08/11 07:29:20 PM ******* Epoch 45, Train Loss 6.15, Val Loss 10.14, Train MAE 2.72, Val MAE 3.33 *******
End of epoch 45 / 200 	 Time Taken: 330 sec
08/11 07:34:39 PM ******* Epoch 46, Train Loss 5.71, Val Loss 10.16, Train MAE 2.63, Val MAE 3.40 *******
End of epoch 46 / 200 	 Time Taken: 319 sec
08/11 07:39:54 PM ******* Epoch 47, Train Loss 6.20, Val Loss 9.62, Train MAE 2.73, Val MAE 3.33 *******
End of epoch 47 / 200 	 Time Taken: 314 sec
08/11 07:45:15 PM ******* Epoch 48, Train Loss 5.32, Val Loss 10.82, Train MAE 2.50, Val MAE 3.54 *******
End of epoch 48 / 200 	 Time Taken: 321 sec
08/11 07:50:51 PM ******* Epoch 49, Train Loss 5.29, Val Loss 12.61, Train MAE 2.52, Val MAE 3.37 *******
End of epoch 49 / 200 	 Time Taken: 335 sec
08/11 07:56:30 PM ******* Epoch 50, Train Loss 6.08, Val Loss 9.24, Train MAE 2.70, Val MAE 3.19 *******
End of epoch 50 / 200 	 Time Taken: 339 sec
08/11 08:01:56 PM ******* Epoch 51, Train Loss 4.74, Val Loss 9.57, Train MAE 2.38, Val MAE 3.28 *******
End of epoch 51 / 200 	 Time Taken: 325 sec
08/11 08:07:32 PM ******* Epoch 52, Train Loss 4.92, Val Loss 10.73, Train MAE 2.41, Val MAE 3.50 *******
End of epoch 52 / 200 	 Time Taken: 336 sec
08/11 08:13:05 PM ******* Epoch 53, Train Loss 4.89, Val Loss 10.59, Train MAE 2.41, Val MAE 3.28 *******
End of epoch 53 / 200 	 Time Taken: 332 sec
08/11 08:18:05 PM ******* Epoch 54, Train Loss 4.78, Val Loss 11.20, Train MAE 2.39, Val MAE 3.56 *******
End of epoch 54 / 200 	 Time Taken: 300 sec
08/11 08:23:10 PM ******* Epoch 55, Train Loss 4.61, Val Loss 9.26, Train MAE 2.37, Val MAE 3.17 *******
End of epoch 55 / 200 	 Time Taken: 305 sec
08/11 08:28:28 PM ******* Epoch 56, Train Loss 4.34, Val Loss 10.37, Train MAE 2.29, Val MAE 3.39 *******
End of epoch 56 / 200 	 Time Taken: 317 sec
08/11 08:33:42 PM ******* Epoch 57, Train Loss 5.04, Val Loss 11.05, Train MAE 2.47, Val MAE 3.52 *******
End of epoch 57 / 200 	 Time Taken: 314 sec
08/11 08:38:57 PM ******* Epoch 58, Train Loss 4.01, Val Loss 11.36, Train MAE 2.20, Val MAE 3.74 *******
End of epoch 58 / 200 	 Time Taken: 315 sec
08/11 08:44:18 PM ******* Epoch 59, Train Loss 4.08, Val Loss 10.47, Train MAE 2.21, Val MAE 3.37 *******
End of epoch 59 / 200 	 Time Taken: 321 sec
08/11 08:49:21 PM ******* Epoch 60, Train Loss 4.39, Val Loss 10.44, Train MAE 2.30, Val MAE 3.47 *******
End of epoch 60 / 200 	 Time Taken: 302 sec
08/11 08:54:36 PM ******* Epoch 61, Train Loss 4.68, Val Loss 9.20, Train MAE 2.38, Val MAE 3.17 *******
End of epoch 61 / 200 	 Time Taken: 314 sec
08/11 08:59:48 PM ******* Epoch 62, Train Loss 3.98, Val Loss 9.37, Train MAE 2.20, Val MAE 3.14 *******
End of epoch 62 / 200 	 Time Taken: 312 sec
08/11 09:04:43 PM ******* Epoch 63, Train Loss 3.55, Val Loss 11.12, Train MAE 2.05, Val MAE 3.47 *******
End of epoch 63 / 200 	 Time Taken: 295 sec
08/11 09:10:06 PM ******* Epoch 64, Train Loss 3.38, Val Loss 9.23, Train MAE 2.03, Val MAE 3.15 *******
End of epoch 64 / 200 	 Time Taken: 322 sec
08/11 09:15:41 PM ******* Epoch 65, Train Loss 3.43, Val Loss 9.48, Train MAE 2.03, Val MAE 3.19 *******
End of epoch 65 / 200 	 Time Taken: 334 sec
08/11 09:20:56 PM ******* Epoch 66, Train Loss 3.89, Val Loss 11.05, Train MAE 2.16, Val MAE 3.46 *******
End of epoch 66 / 200 	 Time Taken: 315 sec
08/11 09:26:16 PM ******* Epoch 67, Train Loss 3.25, Val Loss 9.80, Train MAE 1.98, Val MAE 3.41 *******
End of epoch 67 / 200 	 Time Taken: 319 sec
08/11 09:31:25 PM ******* Epoch 68, Train Loss 3.22, Val Loss 10.13, Train MAE 1.95, Val MAE 3.35 *******
End of epoch 68 / 200 	 Time Taken: 309 sec
08/11 09:36:31 PM ******* Epoch 69, Train Loss 3.25, Val Loss 8.83, Train MAE 1.96, Val MAE 3.06 *******
End of epoch 69 / 200 	 Time Taken: 305 sec
08/11 09:41:49 PM ******* Epoch 70, Train Loss 3.72, Val Loss 9.45, Train MAE 2.12, Val MAE 3.18 *******
End of epoch 70 / 200 	 Time Taken: 318 sec
08/11 09:46:58 PM ******* Epoch 71, Train Loss 3.24, Val Loss 9.94, Train MAE 1.98, Val MAE 3.17 *******
End of epoch 71 / 200 	 Time Taken: 308 sec
08/11 09:52:10 PM ******* Epoch 72, Train Loss 2.94, Val Loss 8.77, Train MAE 1.89, Val MAE 3.01 *******
End of epoch 72 / 200 	 Time Taken: 312 sec
08/11 09:57:28 PM ******* Epoch 73, Train Loss 2.42, Val Loss 9.19, Train MAE 1.70, Val MAE 3.21 *******
End of epoch 73 / 200 	 Time Taken: 317 sec
08/11 10:02:26 PM ******* Epoch 74, Train Loss 3.09, Val Loss 9.24, Train MAE 1.92, Val MAE 3.18 *******
End of epoch 74 / 200 	 Time Taken: 298 sec
08/11 10:07:41 PM ******* Epoch 75, Train Loss 3.09, Val Loss 9.82, Train MAE 1.93, Val MAE 3.19 *******
End of epoch 75 / 200 	 Time Taken: 314 sec
08/11 10:12:53 PM ******* Epoch 76, Train Loss 2.78, Val Loss 9.47, Train MAE 1.81, Val MAE 3.23 *******
End of epoch 76 / 200 	 Time Taken: 312 sec
08/11 10:17:52 PM ******* Epoch 77, Train Loss 2.60, Val Loss 10.76, Train MAE 1.76, Val MAE 3.43 *******
End of epoch 77 / 200 	 Time Taken: 299 sec
08/11 10:23:30 PM ******* Epoch 78, Train Loss 2.81, Val Loss 9.07, Train MAE 1.84, Val MAE 3.15 *******
End of epoch 78 / 200 	 Time Taken: 338 sec
08/11 10:28:48 PM ******* Epoch 79, Train Loss 2.82, Val Loss 9.15, Train MAE 1.84, Val MAE 3.09 *******
End of epoch 79 / 200 	 Time Taken: 318 sec
08/11 10:33:46 PM ******* Epoch 80, Train Loss 2.94, Val Loss 9.45, Train MAE 1.90, Val MAE 3.13 *******
End of epoch 80 / 200 	 Time Taken: 297 sec
08/11 10:39:03 PM ******* Epoch 81, Train Loss 2.75, Val Loss 10.66, Train MAE 1.82, Val MAE 3.36 *******
End of epoch 81 / 200 	 Time Taken: 316 sec
08/11 10:44:23 PM ******* Epoch 82, Train Loss 2.64, Val Loss 8.38, Train MAE 1.77, Val MAE 3.05 *******
End of epoch 82 / 200 	 Time Taken: 319 sec
08/11 10:49:06 PM ******* Epoch 83, Train Loss 2.58, Val Loss 12.52, Train MAE 1.77, Val MAE 3.73 *******
End of epoch 83 / 200 	 Time Taken: 283 sec
08/11 10:53:59 PM ******* Epoch 84, Train Loss 2.54, Val Loss 10.45, Train MAE 1.75, Val MAE 3.19 *******
End of epoch 84 / 200 	 Time Taken: 292 sec
08/11 10:59:03 PM ******* Epoch 85, Train Loss 2.20, Val Loss 8.81, Train MAE 1.64, Val MAE 3.08 *******
End of epoch 85 / 200 	 Time Taken: 304 sec
08/11 11:04:03 PM ******* Epoch 86, Train Loss 2.25, Val Loss 9.27, Train MAE 1.64, Val MAE 3.20 *******
End of epoch 86 / 200 	 Time Taken: 300 sec
08/11 11:08:58 PM ******* Epoch 87, Train Loss 2.33, Val Loss 10.98, Train MAE 1.69, Val MAE 3.60 *******
End of epoch 87 / 200 	 Time Taken: 295 sec
08/11 11:14:19 PM ******* Epoch 88, Train Loss 2.37, Val Loss 8.56, Train MAE 1.68, Val MAE 3.02 *******
End of epoch 88 / 200 	 Time Taken: 320 sec
08/11 11:19:25 PM ******* Epoch 89, Train Loss 2.01, Val Loss 9.03, Train MAE 1.55, Val MAE 3.03 *******
End of epoch 89 / 200 	 Time Taken: 305 sec
08/11 11:24:40 PM ******* Epoch 90, Train Loss 2.42, Val Loss 14.74, Train MAE 1.68, Val MAE 4.03 *******
End of epoch 90 / 200 	 Time Taken: 315 sec
08/11 11:30:03 PM ******* Epoch 91, Train Loss 1.97, Val Loss 9.29, Train MAE 1.54, Val MAE 3.24 *******
End of epoch 91 / 200 	 Time Taken: 323 sec
08/11 11:35:01 PM ******* Epoch 92, Train Loss 1.96, Val Loss 8.89, Train MAE 1.55, Val MAE 3.07 *******
End of epoch 92 / 200 	 Time Taken: 297 sec
08/11 11:40:23 PM ******* Epoch 93, Train Loss 1.95, Val Loss 9.07, Train MAE 1.53, Val MAE 3.16 *******
End of epoch 93 / 200 	 Time Taken: 321 sec
08/11 11:45:53 PM ******* Epoch 94, Train Loss 1.94, Val Loss 8.59, Train MAE 1.53, Val MAE 3.00 *******
End of epoch 94 / 200 	 Time Taken: 330 sec
08/11 11:50:59 PM ******* Epoch 95, Train Loss 1.86, Val Loss 9.78, Train MAE 1.50, Val MAE 3.02 *******
End of epoch 95 / 200 	 Time Taken: 306 sec
08/11 11:56:17 PM ******* Epoch 96, Train Loss 1.88, Val Loss 8.94, Train MAE 1.50, Val MAE 3.02 *******
End of epoch 96 / 200 	 Time Taken: 317 sec
08/12 12:01:39 AM ******* Epoch 97, Train Loss 1.83, Val Loss 9.13, Train MAE 1.47, Val MAE 3.21 *******
End of epoch 97 / 200 	 Time Taken: 322 sec
08/12 12:06:43 AM ******* Epoch 98, Train Loss 1.99, Val Loss 9.75, Train MAE 1.55, Val MAE 3.10 *******
End of epoch 98 / 200 	 Time Taken: 303 sec
08/12 12:11:54 AM ******* Epoch 99, Train Loss 1.81, Val Loss 8.28, Train MAE 1.47, Val MAE 2.95 *******
End of epoch 99 / 200 	 Time Taken: 311 sec
08/12 12:17:10 AM ******* Epoch 100, Train Loss 1.70, Val Loss 8.87, Train MAE 1.43, Val MAE 3.13 *******
End of epoch 100 / 200 	 Time Taken: 315 sec
08/12 12:22:13 AM ******* Epoch 101, Train Loss 1.76, Val Loss 8.81, Train MAE 1.45, Val MAE 3.02 *******
End of epoch 101 / 200 	 Time Taken: 303 sec
08/12 12:27:33 AM ******* Epoch 102, Train Loss 1.60, Val Loss 9.96, Train MAE 1.39, Val MAE 3.23 *******
End of epoch 102 / 200 	 Time Taken: 319 sec
08/12 12:32:39 AM ******* Epoch 103, Train Loss 1.73, Val Loss 9.10, Train MAE 1.44, Val MAE 3.19 *******
End of epoch 103 / 200 	 Time Taken: 306 sec
08/12 12:37:56 AM ******* Epoch 104, Train Loss 1.59, Val Loss 8.58, Train MAE 1.36, Val MAE 2.95 *******
End of epoch 104 / 200 	 Time Taken: 316 sec
08/12 12:43:15 AM ******* Epoch 105, Train Loss 1.72, Val Loss 8.77, Train MAE 1.44, Val MAE 2.99 *******
End of epoch 105 / 200 	 Time Taken: 318 sec
08/12 12:48:15 AM ******* Epoch 106, Train Loss 1.51, Val Loss 8.84, Train MAE 1.33, Val MAE 3.09 *******
End of epoch 106 / 200 	 Time Taken: 300 sec
08/12 12:53:34 AM ******* Epoch 107, Train Loss 1.36, Val Loss 8.80, Train MAE 1.26, Val MAE 3.09 *******
End of epoch 107 / 200 	 Time Taken: 319 sec
08/12 12:58:49 AM ******* Epoch 108, Train Loss 1.63, Val Loss 8.78, Train MAE 1.39, Val MAE 3.05 *******
End of epoch 108 / 200 	 Time Taken: 315 sec
08/12 01:03:51 AM ******* Epoch 109, Train Loss 1.55, Val Loss 10.76, Train MAE 1.35, Val MAE 3.45 *******
End of epoch 109 / 200 	 Time Taken: 301 sec
08/12 01:09:20 AM ******* Epoch 110, Train Loss 1.47, Val Loss 8.33, Train MAE 1.31, Val MAE 2.99 *******
End of epoch 110 / 200 	 Time Taken: 329 sec
08/12 01:14:37 AM ******* Epoch 111, Train Loss 1.33, Val Loss 9.04, Train MAE 1.25, Val MAE 3.09 *******
End of epoch 111 / 200 	 Time Taken: 316 sec
08/12 01:19:30 AM ******* Epoch 112, Train Loss 1.32, Val Loss 8.26, Train MAE 1.26, Val MAE 2.98 *******
End of epoch 112 / 200 	 Time Taken: 293 sec
08/12 01:24:27 AM ******* Epoch 113, Train Loss 1.36, Val Loss 8.28, Train MAE 1.26, Val MAE 2.91 *******
End of epoch 113 / 200 	 Time Taken: 297 sec
08/12 01:29:38 AM ******* Epoch 114, Train Loss 1.14, Val Loss 8.42, Train MAE 1.17, Val MAE 2.97 *******
End of epoch 114 / 200 	 Time Taken: 311 sec
08/12 01:34:42 AM ******* Epoch 115, Train Loss 1.44, Val Loss 8.09, Train MAE 1.30, Val MAE 2.91 *******
End of epoch 115 / 200 	 Time Taken: 303 sec
08/12 01:39:40 AM ******* Epoch 116, Train Loss 1.17, Val Loss 8.47, Train MAE 1.18, Val MAE 3.00 *******
End of epoch 116 / 200 	 Time Taken: 297 sec
08/12 01:44:50 AM ******* Epoch 117, Train Loss 1.30, Val Loss 8.86, Train MAE 1.24, Val MAE 2.92 *******
End of epoch 117 / 200 	 Time Taken: 310 sec
08/12 01:49:56 AM ******* Epoch 118, Train Loss 1.27, Val Loss 8.75, Train MAE 1.23, Val MAE 2.98 *******
End of epoch 118 / 200 	 Time Taken: 305 sec
08/12 01:55:07 AM ******* Epoch 119, Train Loss 1.22, Val Loss 8.87, Train MAE 1.19, Val MAE 2.94 *******
End of epoch 119 / 200 	 Time Taken: 311 sec
08/12 02:00:30 AM ******* Epoch 120, Train Loss 1.18, Val Loss 8.81, Train MAE 1.18, Val MAE 3.05 *******
End of epoch 120 / 200 	 Time Taken: 322 sec
08/12 02:05:15 AM ******* Epoch 121, Train Loss 1.08, Val Loss 8.74, Train MAE 1.13, Val MAE 3.11 *******
End of epoch 121 / 200 	 Time Taken: 284 sec
08/12 02:10:37 AM ******* Epoch 122, Train Loss 1.06, Val Loss 8.79, Train MAE 1.12, Val MAE 3.07 *******
End of epoch 122 / 200 	 Time Taken: 321 sec
08/12 02:15:40 AM ******* Epoch 123, Train Loss 1.08, Val Loss 8.31, Train MAE 1.13, Val MAE 2.94 *******
End of epoch 123 / 200 	 Time Taken: 303 sec
08/12 02:20:30 AM ******* Epoch 124, Train Loss 1.18, Val Loss 8.84, Train MAE 1.17, Val MAE 3.08 *******
End of epoch 124 / 200 	 Time Taken: 289 sec
08/12 02:25:53 AM ******* Epoch 125, Train Loss 1.10, Val Loss 8.66, Train MAE 1.14, Val MAE 3.03 *******
End of epoch 125 / 200 	 Time Taken: 322 sec
08/12 02:30:56 AM ******* Epoch 126, Train Loss 1.07, Val Loss 8.43, Train MAE 1.11, Val MAE 2.90 *******
End of epoch 126 / 200 	 Time Taken: 302 sec
08/12 02:35:54 AM ******* Epoch 127, Train Loss 0.91, Val Loss 8.28, Train MAE 1.05, Val MAE 2.88 *******
End of epoch 127 / 200 	 Time Taken: 298 sec
08/12 02:41:04 AM ******* Epoch 128, Train Loss 0.98, Val Loss 8.92, Train MAE 1.07, Val MAE 2.90 *******
End of epoch 128 / 200 	 Time Taken: 309 sec
08/12 02:46:13 AM ******* Epoch 129, Train Loss 0.93, Val Loss 8.29, Train MAE 1.04, Val MAE 2.91 *******
End of epoch 129 / 200 	 Time Taken: 308 sec
08/12 02:51:09 AM ******* Epoch 130, Train Loss 0.94, Val Loss 8.30, Train MAE 1.03, Val MAE 2.95 *******
End of epoch 130 / 200 	 Time Taken: 296 sec
08/12 02:56:24 AM ******* Epoch 131, Train Loss 0.95, Val Loss 8.48, Train MAE 1.05, Val MAE 2.97 *******
End of epoch 131 / 200 	 Time Taken: 314 sec
08/12 03:01:29 AM ******* Epoch 132, Train Loss 0.90, Val Loss 8.03, Train MAE 1.03, Val MAE 2.86 *******
End of epoch 132 / 200 	 Time Taken: 305 sec
08/12 03:06:21 AM ******* Epoch 133, Train Loss 0.91, Val Loss 8.11, Train MAE 1.02, Val MAE 2.90 *******
End of epoch 133 / 200 	 Time Taken: 292 sec
08/12 03:11:29 AM ******* Epoch 134, Train Loss 0.89, Val Loss 8.07, Train MAE 1.02, Val MAE 2.86 *******
End of epoch 134 / 200 	 Time Taken: 307 sec
08/12 03:16:32 AM ******* Epoch 135, Train Loss 0.89, Val Loss 10.42, Train MAE 1.01, Val MAE 3.12 *******
End of epoch 135 / 200 	 Time Taken: 302 sec
08/12 03:21:28 AM ******* Epoch 136, Train Loss 0.90, Val Loss 8.42, Train MAE 1.01, Val MAE 2.91 *******
End of epoch 136 / 200 	 Time Taken: 295 sec
08/12 03:26:34 AM ******* Epoch 137, Train Loss 0.84, Val Loss 8.24, Train MAE 0.98, Val MAE 2.89 *******
End of epoch 137 / 200 	 Time Taken: 306 sec
08/12 03:31:29 AM ******* Epoch 138, Train Loss 0.91, Val Loss 8.02, Train MAE 1.03, Val MAE 2.84 *******
End of epoch 138 / 200 	 Time Taken: 294 sec
08/12 03:36:25 AM ******* Epoch 139, Train Loss 0.81, Val Loss 7.90, Train MAE 0.98, Val MAE 2.82 *******
End of epoch 139 / 200 	 Time Taken: 296 sec
08/12 03:41:34 AM ******* Epoch 140, Train Loss 0.75, Val Loss 7.89, Train MAE 0.93, Val MAE 2.80 *******
End of epoch 140 / 200 	 Time Taken: 309 sec
08/12 03:46:30 AM ******* Epoch 141, Train Loss 0.73, Val Loss 7.85, Train MAE 0.91, Val MAE 2.82 *******
End of epoch 141 / 200 	 Time Taken: 295 sec
08/12 03:51:10 AM ******* Epoch 142, Train Loss 0.75, Val Loss 7.89, Train MAE 0.93, Val MAE 2.80 *******
End of epoch 142 / 200 	 Time Taken: 280 sec
08/12 03:56:16 AM ******* Epoch 143, Train Loss 0.74, Val Loss 7.74, Train MAE 0.92, Val MAE 2.83 *******
End of epoch 143 / 200 	 Time Taken: 305 sec
08/12 04:01:07 AM ******* Epoch 144, Train Loss 0.79, Val Loss 7.87, Train MAE 0.95, Val MAE 2.81 *******
End of epoch 144 / 200 	 Time Taken: 291 sec
08/12 04:05:45 AM ******* Epoch 145, Train Loss 0.73, Val Loss 7.85, Train MAE 0.92, Val MAE 2.79 *******
End of epoch 145 / 200 	 Time Taken: 277 sec
08/12 04:10:57 AM ******* Epoch 146, Train Loss 0.69, Val Loss 7.82, Train MAE 0.88, Val MAE 2.83 *******
End of epoch 146 / 200 	 Time Taken: 312 sec
08/12 04:16:00 AM ******* Epoch 147, Train Loss 0.65, Val Loss 8.24, Train MAE 0.86, Val MAE 2.82 *******
End of epoch 147 / 200 	 Time Taken: 303 sec
08/12 04:20:58 AM ******* Epoch 148, Train Loss 0.65, Val Loss 9.33, Train MAE 0.87, Val MAE 2.80 *******
End of epoch 148 / 200 	 Time Taken: 298 sec
08/12 04:26:05 AM ******* Epoch 149, Train Loss 0.66, Val Loss 8.59, Train MAE 0.86, Val MAE 2.90 *******
End of epoch 149 / 200 	 Time Taken: 306 sec
08/12 04:31:13 AM ******* Epoch 150, Train Loss 0.65, Val Loss 8.11, Train MAE 0.86, Val MAE 2.84 *******
End of epoch 150 / 200 	 Time Taken: 308 sec
08/12 04:36:12 AM ******* Epoch 151, Train Loss 0.63, Val Loss 7.93, Train MAE 0.85, Val MAE 2.84 *******
End of epoch 151 / 200 	 Time Taken: 299 sec
08/12 04:41:27 AM ******* Epoch 152, Train Loss 0.59, Val Loss 7.92, Train MAE 0.81, Val MAE 2.82 *******
End of epoch 152 / 200 	 Time Taken: 315 sec
08/12 04:46:44 AM ******* Epoch 153, Train Loss 0.60, Val Loss 8.54, Train MAE 0.81, Val MAE 2.92 *******
End of epoch 153 / 200 	 Time Taken: 316 sec
08/12 04:51:46 AM ******* Epoch 154, Train Loss 0.61, Val Loss 8.25, Train MAE 0.83, Val MAE 2.94 *******
End of epoch 154 / 200 	 Time Taken: 302 sec
08/12 04:56:55 AM ******* Epoch 155, Train Loss 0.60, Val Loss 7.93, Train MAE 0.83, Val MAE 2.83 *******
End of epoch 155 / 200 	 Time Taken: 308 sec
08/12 05:01:58 AM ******* Epoch 156, Train Loss 0.60, Val Loss 8.13, Train MAE 0.81, Val MAE 2.82 *******
End of epoch 156 / 200 	 Time Taken: 302 sec
08/12 05:07:01 AM ******* Epoch 157, Train Loss 0.59, Val Loss 7.96, Train MAE 0.80, Val MAE 2.81 *******
End of epoch 157 / 200 	 Time Taken: 303 sec
08/12 05:12:07 AM ******* Epoch 158, Train Loss 0.60, Val Loss 8.07, Train MAE 0.83, Val MAE 2.83 *******
End of epoch 158 / 200 	 Time Taken: 306 sec
08/12 05:17:08 AM ******* Epoch 159, Train Loss 0.53, Val Loss 7.97, Train MAE 0.77, Val MAE 2.81 *******
End of epoch 159 / 200 	 Time Taken: 300 sec
08/12 05:22:03 AM ******* Epoch 160, Train Loss 0.56, Val Loss 7.94, Train MAE 0.80, Val MAE 2.81 *******
End of epoch 160 / 200 	 Time Taken: 295 sec
08/12 05:27:09 AM ******* Epoch 161, Train Loss 0.53, Val Loss 7.88, Train MAE 0.77, Val MAE 2.82 *******
End of epoch 161 / 200 	 Time Taken: 305 sec
08/12 05:32:08 AM ******* Epoch 162, Train Loss 0.50, Val Loss 8.00, Train MAE 0.74, Val MAE 2.82 *******
End of epoch 162 / 200 	 Time Taken: 298 sec
08/12 05:37:27 AM ******* Epoch 163, Train Loss 0.56, Val Loss 8.04, Train MAE 0.77, Val MAE 2.83 *******
End of epoch 163 / 200 	 Time Taken: 318 sec
08/12 05:42:40 AM ******* Epoch 164, Train Loss 0.51, Val Loss 8.00, Train MAE 0.75, Val MAE 2.78 *******
End of epoch 164 / 200 	 Time Taken: 313 sec
08/12 05:47:31 AM ******* Epoch 165, Train Loss 0.52, Val Loss 7.82, Train MAE 0.75, Val MAE 2.79 *******
End of epoch 165 / 200 	 Time Taken: 291 sec
08/12 05:53:04 AM ******* Epoch 166, Train Loss 0.52, Val Loss 7.98, Train MAE 0.76, Val MAE 2.77 *******
End of epoch 166 / 200 	 Time Taken: 332 sec
08/12 05:58:10 AM ******* Epoch 167, Train Loss 0.51, Val Loss 7.98, Train MAE 0.75, Val MAE 2.80 *******
End of epoch 167 / 200 	 Time Taken: 306 sec
08/12 06:03:08 AM ******* Epoch 168, Train Loss 0.50, Val Loss 7.82, Train MAE 0.73, Val MAE 2.78 *******
End of epoch 168 / 200 	 Time Taken: 298 sec
08/12 06:08:14 AM ******* Epoch 169, Train Loss 0.46, Val Loss 8.43, Train MAE 0.71, Val MAE 2.79 *******
End of epoch 169 / 200 	 Time Taken: 305 sec
08/12 06:13:17 AM ******* Epoch 170, Train Loss 0.47, Val Loss 8.31, Train MAE 0.71, Val MAE 2.78 *******
End of epoch 170 / 200 	 Time Taken: 302 sec
08/12 06:18:01 AM ******* Epoch 171, Train Loss 0.45, Val Loss 8.05, Train MAE 0.70, Val MAE 2.78 *******
End of epoch 171 / 200 	 Time Taken: 284 sec
08/12 06:22:46 AM ******* Epoch 172, Train Loss 0.45, Val Loss 7.97, Train MAE 0.70, Val MAE 2.80 *******
End of epoch 172 / 200 	 Time Taken: 284 sec
08/12 06:27:39 AM ******* Epoch 173, Train Loss 0.43, Val Loss 7.96, Train MAE 0.68, Val MAE 2.82 *******
End of epoch 173 / 200 	 Time Taken: 293 sec
08/12 06:32:50 AM ******* Epoch 174, Train Loss 0.47, Val Loss 7.85, Train MAE 0.71, Val MAE 2.76 *******
End of epoch 174 / 200 	 Time Taken: 310 sec
08/12 06:37:38 AM ******* Epoch 175, Train Loss 0.46, Val Loss 7.80, Train MAE 0.70, Val MAE 2.77 *******
End of epoch 175 / 200 	 Time Taken: 288 sec
08/12 06:42:47 AM ******* Epoch 176, Train Loss 0.45, Val Loss 7.88, Train MAE 0.69, Val MAE 2.80 *******
End of epoch 176 / 200 	 Time Taken: 308 sec
08/12 06:47:53 AM ******* Epoch 177, Train Loss 0.43, Val Loss 7.84, Train MAE 0.67, Val MAE 2.79 *******
End of epoch 177 / 200 	 Time Taken: 306 sec
08/12 06:52:51 AM ******* Epoch 178, Train Loss 0.43, Val Loss 8.65, Train MAE 0.68, Val MAE 2.80 *******
End of epoch 178 / 200 	 Time Taken: 297 sec
08/12 06:58:10 AM ******* Epoch 179, Train Loss 0.44, Val Loss 7.79, Train MAE 0.68, Val MAE 2.79 *******
End of epoch 179 / 200 	 Time Taken: 319 sec
08/12 07:03:18 AM ******* Epoch 180, Train Loss 0.43, Val Loss 7.92, Train MAE 0.69, Val MAE 2.80 *******
End of epoch 180 / 200 	 Time Taken: 307 sec
08/12 07:08:24 AM ******* Epoch 181, Train Loss 0.42, Val Loss 8.12, Train MAE 0.67, Val MAE 2.80 *******
End of epoch 181 / 200 	 Time Taken: 305 sec
08/12 07:13:32 AM ******* Epoch 182, Train Loss 0.42, Val Loss 8.38, Train MAE 0.67, Val MAE 2.80 *******
End of epoch 182 / 200 	 Time Taken: 308 sec
08/12 07:18:37 AM ******* Epoch 183, Train Loss 0.43, Val Loss 8.34, Train MAE 0.68, Val MAE 2.79 *******
End of epoch 183 / 200 	 Time Taken: 305 sec
08/12 07:23:50 AM ******* Epoch 184, Train Loss 0.43, Val Loss 7.89, Train MAE 0.66, Val MAE 2.79 *******
End of epoch 184 / 200 	 Time Taken: 312 sec
08/12 07:28:54 AM ******* Epoch 185, Train Loss 0.42, Val Loss 7.91, Train MAE 0.66, Val MAE 2.78 *******
End of epoch 185 / 200 	 Time Taken: 304 sec
08/12 07:33:52 AM ******* Epoch 186, Train Loss 0.42, Val Loss 7.86, Train MAE 0.67, Val MAE 2.79 *******
End of epoch 186 / 200 	 Time Taken: 297 sec
08/12 07:39:08 AM ******* Epoch 187, Train Loss 0.40, Val Loss 7.83, Train MAE 0.64, Val MAE 2.79 *******
End of epoch 187 / 200 	 Time Taken: 316 sec
08/12 07:44:08 AM ******* Epoch 188, Train Loss 0.43, Val Loss 7.83, Train MAE 0.67, Val MAE 2.80 *******
End of epoch 188 / 200 	 Time Taken: 299 sec
08/12 07:49:11 AM ******* Epoch 189, Train Loss 0.42, Val Loss 8.02, Train MAE 0.66, Val MAE 2.78 *******
End of epoch 189 / 200 	 Time Taken: 303 sec
08/12 07:54:18 AM ******* Epoch 190, Train Loss 0.41, Val Loss 7.79, Train MAE 0.65, Val MAE 2.78 *******
End of epoch 190 / 200 	 Time Taken: 306 sec
08/12 07:59:33 AM ******* Epoch 191, Train Loss 0.40, Val Loss 7.80, Train MAE 0.65, Val MAE 2.78 *******
End of epoch 191 / 200 	 Time Taken: 315 sec
08/12 08:04:34 AM ******* Epoch 192, Train Loss 0.40, Val Loss 7.79, Train MAE 0.64, Val MAE 2.78 *******
End of epoch 192 / 200 	 Time Taken: 300 sec
08/12 08:09:44 AM ******* Epoch 193, Train Loss 0.40, Val Loss 8.46, Train MAE 0.64, Val MAE 2.77 *******
End of epoch 193 / 200 	 Time Taken: 310 sec
08/12 08:14:55 AM ******* Epoch 194, Train Loss 0.41, Val Loss 8.06, Train MAE 0.65, Val MAE 2.78 *******
End of epoch 194 / 200 	 Time Taken: 310 sec
08/12 08:19:58 AM ******* Epoch 195, Train Loss 0.38, Val Loss 7.95, Train MAE 0.63, Val MAE 2.78 *******
End of epoch 195 / 200 	 Time Taken: 303 sec
08/12 08:25:06 AM ******* Epoch 196, Train Loss 0.39, Val Loss 7.78, Train MAE 0.63, Val MAE 2.78 *******
End of epoch 196 / 200 	 Time Taken: 307 sec
08/12 08:30:10 AM ******* Epoch 197, Train Loss 0.41, Val Loss 7.77, Train MAE 0.63, Val MAE 2.78 *******
End of epoch 197 / 200 	 Time Taken: 304 sec
08/12 08:35:10 AM ******* Epoch 198, Train Loss 0.38, Val Loss 7.84, Train MAE 0.62, Val MAE 2.78 *******
End of epoch 198 / 200 	 Time Taken: 300 sec
08/12 08:40:11 AM ******* Epoch 199, Train Loss 0.41, Val Loss 7.78, Train MAE 0.65, Val MAE 2.78 *******
End of epoch 199 / 200 	 Time Taken: 300 sec
08/12 08:45:11 AM ******* Epoch 200, Train Loss 0.41, Val Loss 7.87, Train MAE 0.64, Val MAE 2.78 *******
End of epoch 200 / 200 	 Time Taken: 300 sec
08/12 08:45:34 AM *******Again Last Epoch 200,  Val MAE 2.78, In Test MAE 2.74 *******
08/12 08:45:45 AM ******* Best Epoch 174, Train MAE 0.71, Val MAE 2.76, In Test MAE 2.72 *******
**** Exp 0 Finished Training! ****
Sat Aug 12 08:45:48 CST 2023
