Mon Oct  9 20:16:34 CST 2023
Mon Oct  9 20:16:34 2023       
+-----------------------------------------------------------------------------+
| NVIDIA-SMI 470.57.02    Driver Version: 470.57.02    CUDA Version: 11.4     |
|-------------------------------+----------------------+----------------------+
| GPU  Name        Persistence-M| Bus-Id        Disp.A | Volatile Uncorr. ECC |
| Fan  Temp  Perf  Pwr:Usage/Cap|         Memory-Usage | GPU-Util  Compute M. |
|                               |                      |               MIG M. |
|===============================+======================+======================|
|   0  NVIDIA A100 80G...  On   | 00000000:B1:00.0 Off |                    0 |
| N/A   27C    P0    44W / 300W |      0MiB / 81251MiB |      0%      Default |
|                               |                      |             Disabled |
+-------------------------------+----------------------+----------------------+
                                                                               
+-----------------------------------------------------------------------------+
| Processes:                                                                  |
|  GPU   GI   CI        PID   Type   Process name                  GPU Memory |
|        ID   ID                                                   Usage      |
|=============================================================================|
|  No running processes found                                                 |
+-----------------------------------------------------------------------------+
----------------- Options ---------------
                   GPU_no: 0                             
                  GPU_num: 1                             
               batch_size: 8                             
                diag_mode: CN_MCI_AD                     
                loss_func: MSE                           
                     lr_s: 0.001                         
              model_depth: 34                            
                 n_epochs: 100                           	[default: 200]
                   n_exps: 1                             
                     note:                               
                  parsave: /public/bme/home/meilang/codes/ECR/BRAIN_AGE_ESTIMATION_CONFERENCE/OUTPUT/BDs_threedim_3view_GAF-20231009-201654	[default: None]
              pretrain_3D: False                         
       pretrain_age_model: True                          
                     wd_s: 0.0001                        
----------------- End -------------------
******** Training on exp 1 ********
10/09 08:16:56 PM sMRI, param size = 2.883 MB
---------- Networks initialized -------------
Diag_MLP(
  (encoder3d): Encoder3d(
    (pool1): MaxPool3d(kernel_size=(2, 2, 2), stride=(2, 2, 2), padding=0, dilation=1, ceil_mode=False)
    (pool2): MaxPool3d(kernel_size=(2, 2, 2), stride=(2, 2, 2), padding=0, dilation=1, ceil_mode=False)
    (pool3): MaxPool3d(kernel_size=(2, 2, 2), stride=(2, 2, 2), padding=0, dilation=1, ceil_mode=False)
    (in_tr): InputTransition3d(
      (conv1): Conv3d(1, 16, kernel_size=(3, 3, 3), stride=(1, 1, 1), padding=(1, 1, 1))
      (bn1): InstanceNorm3d(16, eps=1e-05, momentum=0.1, affine=True, track_running_stats=False)
      (activate1): ReLU(inplace=True)
    )
    (down_conv_bk2): Conv3D_Block(
      (conv1): Sequential(
        (0): Conv3d(16, 32, kernel_size=(3, 3, 3), stride=(1, 1, 1), padding=(1, 1, 1))
        (1): InstanceNorm3d(32, eps=1e-05, momentum=0.1, affine=True, track_running_stats=False)
        (2): ReLU()
      )
      (residual_upsampler): Conv3d(16, 32, kernel_size=(1, 1, 1), stride=(1, 1, 1), bias=False)
    )
    (down_conv_bk3): Conv3D_Block(
      (conv1): Sequential(
        (0): Conv3d(32, 64, kernel_size=(3, 3, 3), stride=(1, 1, 1), padding=(1, 1, 1))
        (1): InstanceNorm3d(64, eps=1e-05, momentum=0.1, affine=True, track_running_stats=False)
        (2): ReLU()
      )
      (residual_upsampler): Conv3d(32, 64, kernel_size=(1, 1, 1), stride=(1, 1, 1), bias=False)
    )
    (down_conv_bk4): Conv3D_Block(
      (conv1): Sequential(
        (0): Conv3d(64, 128, kernel_size=(3, 3, 3), stride=(1, 1, 1), padding=(1, 1, 1))
        (1): InstanceNorm3d(128, eps=1e-05, momentum=0.1, affine=True, track_running_stats=False)
        (2): ReLU()
      )
      (residual_upsampler): Conv3d(64, 128, kernel_size=(1, 1, 1), stride=(1, 1, 1), bias=False)
    )
    (block_1_pool): MaxPool3d(kernel_size=2, stride=2, padding=0, dilation=1, ceil_mode=False)
    (block_2_1): Sequential(
      (0): Conv3d(128, 128, kernel_size=(3, 3, 3), stride=(1, 1, 1), padding=(1, 1, 1))
      (1): InstanceNorm3d(128, eps=1e-05, momentum=0.1, affine=True, track_running_stats=False)
      (2): ReLU()
      (3): Conv3d(128, 128, kernel_size=(3, 3, 3), stride=(1, 1, 1), padding=(1, 1, 1))
      (4): InstanceNorm3d(128, eps=1e-05, momentum=0.1, affine=True, track_running_stats=False)
      (5): ReLU()
      (6): Conv3d(128, 128, kernel_size=(3, 3, 3), stride=(1, 1, 1), padding=(1, 1, 1))
      (7): InstanceNorm3d(128, eps=1e-05, momentum=0.1, affine=True, track_running_stats=False)
      (8): ReLU()
    )
    (block_2_pool): MaxPool3d(kernel_size=2, stride=2, padding=0, dilation=1, ceil_mode=False)
    (block_3_1): Sequential(
      (0): AdaptiveAvgPool3d(output_size=1)
      (1): Flatten(start_dim=1, end_dim=-1)
      (2): Linear(in_features=128, out_features=128, bias=True)
    )
  )
  (encoder_B): Encoder2d(
    (pool1): MaxPool2d(kernel_size=(2, 2), stride=2, padding=0, dilation=1, ceil_mode=False)
    (pool2): MaxPool2d(kernel_size=(2, 2), stride=2, padding=0, dilation=1, ceil_mode=False)
    (pool3): MaxPool2d(kernel_size=(2, 2), stride=2, padding=0, dilation=1, ceil_mode=False)
    (in_tr): InputTransition2d(
      (conv1): Conv2d(1, 16, kernel_size=(3, 3), stride=(1, 1), padding=(1, 1))
      (bn1): InstanceNorm2d(16, eps=1e-05, momentum=0.1, affine=True, track_running_stats=False)
      (activate1): ReLU()
    )
    (down_conv_bk2): Conv2D_Block(
      (conv1_blk): Sequential(
        (0): Conv2d(16, 32, kernel_size=(3, 3), stride=(1, 1), padding=(1, 1))
        (1): InstanceNorm2d(32, eps=1e-05, momentum=0.1, affine=True, track_running_stats=False)
        (2): ReLU()
      )
      (downsample): Conv2d(16, 32, kernel_size=(1, 1), stride=(1, 1), bias=False)
    )
    (down_conv_bk3): Conv2D_Block(
      (conv1_blk): Sequential(
        (0): Conv2d(32, 64, kernel_size=(3, 3), stride=(1, 1), padding=(1, 1))
        (1): InstanceNorm2d(64, eps=1e-05, momentum=0.1, affine=True, track_running_stats=False)
        (2): ReLU()
      )
      (downsample): Conv2d(32, 64, kernel_size=(1, 1), stride=(1, 1), bias=False)
    )
    (down_conv_bk4): Conv2D_Block(
      (conv1_blk): Sequential(
        (0): Conv2d(64, 128, kernel_size=(3, 3), stride=(1, 1), padding=(1, 1))
        (1): InstanceNorm2d(128, eps=1e-05, momentum=0.1, affine=True, track_running_stats=False)
        (2): ReLU()
      )
      (downsample): Conv2d(64, 128, kernel_size=(1, 1), stride=(1, 1), bias=False)
    )
    (block_1_pool): MaxPool2d(kernel_size=2, stride=2, padding=0, dilation=1, ceil_mode=False)
    (block_2_1): Sequential(
      (0): Conv2d(128, 128, kernel_size=(3, 3), stride=(1, 1), padding=(1, 1))
      (1): InstanceNorm2d(128, eps=1e-05, momentum=0.1, affine=True, track_running_stats=False)
      (2): ReLU()
      (3): Conv2d(128, 128, kernel_size=(3, 3), stride=(1, 1), padding=(1, 1))
      (4): InstanceNorm2d(128, eps=1e-05, momentum=0.1, affine=True, track_running_stats=False)
      (5): ReLU()
      (6): Conv2d(128, 128, kernel_size=(3, 3), stride=(1, 1), padding=(1, 1))
      (7): InstanceNorm2d(128, eps=1e-05, momentum=0.1, affine=True, track_running_stats=False)
      (8): ReLU()
    )
    (block_2_pool): MaxPool2d(kernel_size=2, stride=2, padding=0, dilation=1, ceil_mode=False)
    (block_3_1): Sequential(
      (0): AdaptiveAvgPool2d(output_size=1)
      (1): Flatten(start_dim=1, end_dim=-1)
      (2): Linear(in_features=128, out_features=128, bias=True)
    )
  )
  (GAF_block): Sequential(
    (0): Linear(in_features=219, out_features=256, bias=True)
    (1): ReLU()
    (2): Linear(in_features=256, out_features=128, bias=True)
  )
  (kv_block): Sequential(
    (0): ReLU()
    (1): Linear(in_features=128, out_features=128, bias=True)
  )
  (q1_block): Sequential(
    (0): ReLU()
    (1): Linear(in_features=128, out_features=128, bias=True)
  )
  (q2_block): Sequential(
    (0): ReLU()
    (1): Linear(in_features=128, out_features=128, bias=True)
  )
  (q3_block): Sequential(
    (0): ReLU()
    (1): Linear(in_features=128, out_features=128, bias=True)
  )
  (q4_block): Sequential(
    (0): ReLU()
    (1): Linear(in_features=128, out_features=128, bias=True)
  )
  (multihead_attn1): MultiheadAttention(
    (out_proj): NonDynamicallyQuantizableLinear(in_features=128, out_features=128, bias=True)
  )
  (multihead_attn2): MultiheadAttention(
    (out_proj): NonDynamicallyQuantizableLinear(in_features=128, out_features=128, bias=True)
  )
  (multihead_attn3): MultiheadAttention(
    (out_proj): NonDynamicallyQuantizableLinear(in_features=128, out_features=128, bias=True)
  )
  (multihead_attn4): MultiheadAttention(
    (out_proj): NonDynamicallyQuantizableLinear(in_features=128, out_features=128, bias=True)
  )
  (fusion_blk): Sequential(
    (0): Linear(in_features=640, out_features=256, bias=True)
    (1): ReLU()
    (2): Linear(in_features=256, out_features=128, bias=True)
  )
  (age_blk): Sequential(
    (0): ReLU()
    (1): Linear(in_features=128, out_features=1, bias=True)
  )
  (diag_blk): Sequential(
    (0): ReLU()
    (1): Linear(in_features=132, out_features=128, bias=True)
    (2): ReLU()
    (3): BatchNorm1d(128, eps=1e-05, momentum=0.1, affine=True, track_running_stats=True)
    (4): Dropout(p=0.5, inplace=False)
    (5): Linear(in_features=128, out_features=128, bias=True)
    (6): ReLU()
    (7): BatchNorm1d(128, eps=1e-05, momentum=0.1, affine=True, track_running_stats=True)
    (8): Dropout(p=0.5, inplace=False)
    (9): Linear(in_features=128, out_features=3, bias=True)
  )
)
[Network sMRI] Total number of parameters : 2.883 M
[Network sMRI] Total number of trainable parameters : 2.883 M
-----------------------------------------------
Load pretrain age model!
10/09 08:17:55 PM ******* Epoch 1, Train CE Loss 1.08, Val CE Loss 1.05, Train ACC 0.41, Val ACC 0.38 *******
End of epoch 1 / 100 	 Time Taken: 58 sec
10/09 08:18:45 PM ******* Epoch 2, Train CE Loss 1.02, Val CE Loss 0.96, Train ACC 0.54, Val ACC 0.67 *******
End of epoch 2 / 100 	 Time Taken: 50 sec
10/09 08:19:36 PM ******* Epoch 3, Train CE Loss 0.98, Val CE Loss 1.06, Train ACC 0.60, Val ACC 0.38 *******
End of epoch 3 / 100 	 Time Taken: 51 sec
10/09 08:20:27 PM ******* Epoch 4, Train CE Loss 0.97, Val CE Loss 1.30, Train ACC 0.63, Val ACC 0.15 *******
End of epoch 4 / 100 	 Time Taken: 50 sec
10/09 08:21:17 PM ******* Epoch 5, Train CE Loss 1.01, Val CE Loss 1.16, Train ACC 0.59, Val ACC 0.21 *******
End of epoch 5 / 100 	 Time Taken: 49 sec
10/09 08:22:08 PM ******* Epoch 6, Train CE Loss 1.01, Val CE Loss 1.04, Train ACC 0.59, Val ACC 0.25 *******
End of epoch 6 / 100 	 Time Taken: 50 sec
10/09 08:22:58 PM ******* Epoch 7, Train CE Loss 0.96, Val CE Loss 1.06, Train ACC 0.61, Val ACC 0.40 *******
End of epoch 7 / 100 	 Time Taken: 50 sec
10/09 08:23:49 PM ******* Epoch 8, Train CE Loss 0.96, Val CE Loss 0.98, Train ACC 0.59, Val ACC 0.35 *******
End of epoch 8 / 100 	 Time Taken: 50 sec
10/09 08:24:40 PM ******* Epoch 9, Train CE Loss 0.96, Val CE Loss 0.84, Train ACC 0.60, Val ACC 0.70 *******
End of epoch 9 / 100 	 Time Taken: 51 sec
10/09 08:25:31 PM ******* Epoch 10, Train CE Loss 0.93, Val CE Loss 1.16, Train ACC 0.63, Val ACC 0.22 *******
End of epoch 10 / 100 	 Time Taken: 50 sec
10/09 08:26:22 PM ******* Epoch 11, Train CE Loss 0.93, Val CE Loss 0.83, Train ACC 0.66, Val ACC 0.71 *******
End of epoch 11 / 100 	 Time Taken: 51 sec
10/09 08:27:14 PM ******* Epoch 12, Train CE Loss 0.93, Val CE Loss 0.94, Train ACC 0.63, Val ACC 0.62 *******
End of epoch 12 / 100 	 Time Taken: 51 sec
10/09 08:28:04 PM ******* Epoch 13, Train CE Loss 0.89, Val CE Loss 0.78, Train ACC 0.68, Val ACC 0.79 *******
End of epoch 13 / 100 	 Time Taken: 50 sec
10/09 08:28:54 PM ******* Epoch 14, Train CE Loss 0.94, Val CE Loss 0.83, Train ACC 0.61, Val ACC 0.79 *******
End of epoch 14 / 100 	 Time Taken: 50 sec
10/09 08:29:45 PM ******* Epoch 15, Train CE Loss 0.87, Val CE Loss 0.79, Train ACC 0.67, Val ACC 0.82 *******
End of epoch 15 / 100 	 Time Taken: 50 sec
10/09 08:30:36 PM ******* Epoch 16, Train CE Loss 0.90, Val CE Loss 0.79, Train ACC 0.65, Val ACC 0.77 *******
End of epoch 16 / 100 	 Time Taken: 50 sec
10/09 08:31:27 PM ******* Epoch 17, Train CE Loss 0.92, Val CE Loss 0.80, Train ACC 0.64, Val ACC 0.77 *******
End of epoch 17 / 100 	 Time Taken: 50 sec
10/09 08:32:17 PM ******* Epoch 18, Train CE Loss 0.85, Val CE Loss 0.80, Train ACC 0.72, Val ACC 0.77 *******
End of epoch 18 / 100 	 Time Taken: 50 sec
10/09 08:33:08 PM ******* Epoch 19, Train CE Loss 0.86, Val CE Loss 0.78, Train ACC 0.69, Val ACC 0.83 *******
End of epoch 19 / 100 	 Time Taken: 50 sec
10/09 08:33:59 PM ******* Epoch 20, Train CE Loss 0.88, Val CE Loss 0.77, Train ACC 0.67, Val ACC 0.80 *******
End of epoch 20 / 100 	 Time Taken: 51 sec
10/09 08:34:48 PM ******* Epoch 21, Train CE Loss 0.84, Val CE Loss 0.83, Train ACC 0.73, Val ACC 0.76 *******
End of epoch 21 / 100 	 Time Taken: 49 sec
10/09 08:35:39 PM ******* Epoch 22, Train CE Loss 0.83, Val CE Loss 0.85, Train ACC 0.72, Val ACC 0.77 *******
End of epoch 22 / 100 	 Time Taken: 50 sec
10/09 08:36:31 PM ******* Epoch 23, Train CE Loss 0.81, Val CE Loss 0.85, Train ACC 0.75, Val ACC 0.76 *******
End of epoch 23 / 100 	 Time Taken: 51 sec
10/09 08:37:22 PM ******* Epoch 24, Train CE Loss 0.85, Val CE Loss 0.75, Train ACC 0.70, Val ACC 0.82 *******
End of epoch 24 / 100 	 Time Taken: 51 sec
10/09 08:38:13 PM ******* Epoch 25, Train CE Loss 0.84, Val CE Loss 0.76, Train ACC 0.71, Val ACC 0.84 *******
End of epoch 25 / 100 	 Time Taken: 51 sec
10/09 08:39:05 PM ******* Epoch 26, Train CE Loss 0.83, Val CE Loss 0.76, Train ACC 0.73, Val ACC 0.84 *******
End of epoch 26 / 100 	 Time Taken: 51 sec
10/09 08:39:58 PM ******* Epoch 27, Train CE Loss 0.85, Val CE Loss 0.78, Train ACC 0.69, Val ACC 0.79 *******
End of epoch 27 / 100 	 Time Taken: 53 sec
10/09 08:40:49 PM ******* Epoch 28, Train CE Loss 0.80, Val CE Loss 0.81, Train ACC 0.75, Val ACC 0.84 *******
End of epoch 28 / 100 	 Time Taken: 51 sec
10/09 08:41:41 PM ******* Epoch 29, Train CE Loss 0.82, Val CE Loss 0.81, Train ACC 0.75, Val ACC 0.82 *******
End of epoch 29 / 100 	 Time Taken: 51 sec
10/09 08:42:33 PM ******* Epoch 30, Train CE Loss 0.85, Val CE Loss 0.76, Train ACC 0.71, Val ACC 0.79 *******
End of epoch 30 / 100 	 Time Taken: 51 sec
10/09 08:43:25 PM ******* Epoch 31, Train CE Loss 0.82, Val CE Loss 0.77, Train ACC 0.73, Val ACC 0.79 *******
End of epoch 31 / 100 	 Time Taken: 51 sec
10/09 08:44:16 PM ******* Epoch 32, Train CE Loss 0.79, Val CE Loss 0.76, Train ACC 0.77, Val ACC 0.83 *******
End of epoch 32 / 100 	 Time Taken: 51 sec
10/09 08:45:08 PM ******* Epoch 33, Train CE Loss 0.80, Val CE Loss 0.73, Train ACC 0.75, Val ACC 0.86 *******
End of epoch 33 / 100 	 Time Taken: 52 sec
10/09 08:45:59 PM ******* Epoch 34, Train CE Loss 0.83, Val CE Loss 0.74, Train ACC 0.72, Val ACC 0.85 *******
End of epoch 34 / 100 	 Time Taken: 50 sec
10/09 08:46:48 PM ******* Epoch 35, Train CE Loss 0.85, Val CE Loss 0.73, Train ACC 0.71, Val ACC 0.85 *******
End of epoch 35 / 100 	 Time Taken: 49 sec
10/09 08:47:41 PM ******* Epoch 36, Train CE Loss 0.80, Val CE Loss 0.77, Train ACC 0.75, Val ACC 0.78 *******
End of epoch 36 / 100 	 Time Taken: 52 sec
10/09 08:48:32 PM ******* Epoch 37, Train CE Loss 0.79, Val CE Loss 0.73, Train ACC 0.77, Val ACC 0.85 *******
End of epoch 37 / 100 	 Time Taken: 50 sec
10/09 08:49:23 PM ******* Epoch 38, Train CE Loss 0.78, Val CE Loss 0.77, Train ACC 0.76, Val ACC 0.81 *******
End of epoch 38 / 100 	 Time Taken: 51 sec
10/09 08:50:16 PM ******* Epoch 39, Train CE Loss 0.79, Val CE Loss 0.71, Train ACC 0.77, Val ACC 0.88 *******
End of epoch 39 / 100 	 Time Taken: 52 sec
10/09 08:51:08 PM ******* Epoch 40, Train CE Loss 0.79, Val CE Loss 0.77, Train ACC 0.77, Val ACC 0.85 *******
End of epoch 40 / 100 	 Time Taken: 52 sec
10/09 08:51:59 PM ******* Epoch 41, Train CE Loss 0.78, Val CE Loss 0.75, Train ACC 0.77, Val ACC 0.82 *******
End of epoch 41 / 100 	 Time Taken: 51 sec
10/09 08:52:51 PM ******* Epoch 42, Train CE Loss 0.78, Val CE Loss 0.81, Train ACC 0.78, Val ACC 0.79 *******
End of epoch 42 / 100 	 Time Taken: 51 sec
10/09 08:53:43 PM ******* Epoch 43, Train CE Loss 0.78, Val CE Loss 0.75, Train ACC 0.79, Val ACC 0.86 *******
End of epoch 43 / 100 	 Time Taken: 52 sec
10/09 08:54:34 PM ******* Epoch 44, Train CE Loss 0.80, Val CE Loss 0.74, Train ACC 0.76, Val ACC 0.84 *******
End of epoch 44 / 100 	 Time Taken: 51 sec
10/09 08:55:25 PM ******* Epoch 45, Train CE Loss 0.78, Val CE Loss 0.77, Train ACC 0.77, Val ACC 0.79 *******
End of epoch 45 / 100 	 Time Taken: 50 sec
10/09 08:56:15 PM ******* Epoch 46, Train CE Loss 0.80, Val CE Loss 0.81, Train ACC 0.74, Val ACC 0.72 *******
End of epoch 46 / 100 	 Time Taken: 50 sec
10/09 08:57:07 PM ******* Epoch 47, Train CE Loss 0.78, Val CE Loss 0.74, Train ACC 0.77, Val ACC 0.84 *******
End of epoch 47 / 100 	 Time Taken: 51 sec
10/09 08:57:57 PM ******* Epoch 48, Train CE Loss 0.80, Val CE Loss 0.73, Train ACC 0.74, Val ACC 0.85 *******
End of epoch 48 / 100 	 Time Taken: 50 sec
10/09 08:58:48 PM ******* Epoch 49, Train CE Loss 0.80, Val CE Loss 0.74, Train ACC 0.75, Val ACC 0.85 *******
End of epoch 49 / 100 	 Time Taken: 51 sec
10/09 08:59:39 PM ******* Epoch 50, Train CE Loss 0.75, Val CE Loss 0.74, Train ACC 0.80, Val ACC 0.88 *******
End of epoch 50 / 100 	 Time Taken: 50 sec
10/09 09:00:30 PM ******* Epoch 51, Train CE Loss 0.77, Val CE Loss 0.74, Train ACC 0.78, Val ACC 0.84 *******
End of epoch 51 / 100 	 Time Taken: 50 sec
10/09 09:01:20 PM ******* Epoch 52, Train CE Loss 0.77, Val CE Loss 0.80, Train ACC 0.78, Val ACC 0.78 *******
End of epoch 52 / 100 	 Time Taken: 50 sec
10/09 09:02:11 PM ******* Epoch 53, Train CE Loss 0.79, Val CE Loss 0.75, Train ACC 0.76, Val ACC 0.86 *******
End of epoch 53 / 100 	 Time Taken: 50 sec
10/09 09:03:01 PM ******* Epoch 54, Train CE Loss 0.77, Val CE Loss 0.72, Train ACC 0.80, Val ACC 0.86 *******
End of epoch 54 / 100 	 Time Taken: 50 sec
10/09 09:03:51 PM ******* Epoch 55, Train CE Loss 0.76, Val CE Loss 0.73, Train ACC 0.78, Val ACC 0.86 *******
End of epoch 55 / 100 	 Time Taken: 50 sec
10/09 09:04:42 PM ******* Epoch 56, Train CE Loss 0.80, Val CE Loss 0.73, Train ACC 0.76, Val ACC 0.86 *******
End of epoch 56 / 100 	 Time Taken: 51 sec
10/09 09:05:34 PM ******* Epoch 57, Train CE Loss 0.78, Val CE Loss 0.75, Train ACC 0.77, Val ACC 0.85 *******
End of epoch 57 / 100 	 Time Taken: 51 sec
10/09 09:06:24 PM ******* Epoch 58, Train CE Loss 0.74, Val CE Loss 0.74, Train ACC 0.80, Val ACC 0.86 *******
End of epoch 58 / 100 	 Time Taken: 50 sec
10/09 09:07:14 PM ******* Epoch 59, Train CE Loss 0.77, Val CE Loss 0.79, Train ACC 0.77, Val ACC 0.78 *******
End of epoch 59 / 100 	 Time Taken: 50 sec
10/09 09:08:06 PM ******* Epoch 60, Train CE Loss 0.74, Val CE Loss 0.74, Train ACC 0.80, Val ACC 0.86 *******
End of epoch 60 / 100 	 Time Taken: 52 sec
10/09 09:08:57 PM ******* Epoch 61, Train CE Loss 0.75, Val CE Loss 0.72, Train ACC 0.81, Val ACC 0.84 *******
End of epoch 61 / 100 	 Time Taken: 51 sec
10/09 09:09:48 PM ******* Epoch 62, Train CE Loss 0.77, Val CE Loss 0.75, Train ACC 0.78, Val ACC 0.83 *******
End of epoch 62 / 100 	 Time Taken: 50 sec
10/09 09:10:39 PM ******* Epoch 63, Train CE Loss 0.77, Val CE Loss 0.74, Train ACC 0.78, Val ACC 0.80 *******
End of epoch 63 / 100 	 Time Taken: 50 sec
10/09 09:11:29 PM ******* Epoch 64, Train CE Loss 0.72, Val CE Loss 0.75, Train ACC 0.83, Val ACC 0.80 *******
End of epoch 64 / 100 	 Time Taken: 50 sec
10/09 09:12:20 PM ******* Epoch 65, Train CE Loss 0.77, Val CE Loss 0.74, Train ACC 0.78, Val ACC 0.85 *******
End of epoch 65 / 100 	 Time Taken: 50 sec
10/09 09:13:10 PM ******* Epoch 66, Train CE Loss 0.71, Val CE Loss 0.72, Train ACC 0.82, Val ACC 0.88 *******
End of epoch 66 / 100 	 Time Taken: 50 sec
10/09 09:14:02 PM ******* Epoch 67, Train CE Loss 0.74, Val CE Loss 0.72, Train ACC 0.81, Val ACC 0.90 *******
End of epoch 67 / 100 	 Time Taken: 51 sec
10/09 09:14:53 PM ******* Epoch 68, Train CE Loss 0.72, Val CE Loss 0.70, Train ACC 0.84, Val ACC 0.90 *******
End of epoch 68 / 100 	 Time Taken: 51 sec
10/09 09:15:44 PM ******* Epoch 69, Train CE Loss 0.74, Val CE Loss 0.71, Train ACC 0.81, Val ACC 0.88 *******
End of epoch 69 / 100 	 Time Taken: 50 sec
10/09 09:16:35 PM ******* Epoch 70, Train CE Loss 0.74, Val CE Loss 0.72, Train ACC 0.82, Val ACC 0.89 *******
End of epoch 70 / 100 	 Time Taken: 50 sec
10/09 09:17:25 PM ******* Epoch 71, Train CE Loss 0.76, Val CE Loss 0.71, Train ACC 0.78, Val ACC 0.87 *******
End of epoch 71 / 100 	 Time Taken: 50 sec
10/09 09:18:17 PM ******* Epoch 72, Train CE Loss 0.79, Val CE Loss 0.71, Train ACC 0.75, Val ACC 0.88 *******
End of epoch 72 / 100 	 Time Taken: 51 sec
10/09 09:19:08 PM ******* Epoch 73, Train CE Loss 0.73, Val CE Loss 0.71, Train ACC 0.80, Val ACC 0.87 *******
End of epoch 73 / 100 	 Time Taken: 51 sec
10/09 09:19:58 PM ******* Epoch 74, Train CE Loss 0.75, Val CE Loss 0.72, Train ACC 0.79, Val ACC 0.89 *******
End of epoch 74 / 100 	 Time Taken: 50 sec
10/09 09:20:51 PM ******* Epoch 75, Train CE Loss 0.72, Val CE Loss 0.71, Train ACC 0.83, Val ACC 0.86 *******
End of epoch 75 / 100 	 Time Taken: 52 sec
10/09 09:21:42 PM ******* Epoch 76, Train CE Loss 0.72, Val CE Loss 0.70, Train ACC 0.84, Val ACC 0.88 *******
End of epoch 76 / 100 	 Time Taken: 51 sec
10/09 09:22:33 PM ******* Epoch 77, Train CE Loss 0.71, Val CE Loss 0.71, Train ACC 0.84, Val ACC 0.87 *******
End of epoch 77 / 100 	 Time Taken: 51 sec
10/09 09:23:24 PM ******* Epoch 78, Train CE Loss 0.74, Val CE Loss 0.71, Train ACC 0.82, Val ACC 0.88 *******
End of epoch 78 / 100 	 Time Taken: 51 sec
10/09 09:24:17 PM ******* Epoch 79, Train CE Loss 0.72, Val CE Loss 0.72, Train ACC 0.84, Val ACC 0.89 *******
End of epoch 79 / 100 	 Time Taken: 52 sec
10/09 09:25:08 PM ******* Epoch 80, Train CE Loss 0.73, Val CE Loss 0.70, Train ACC 0.82, Val ACC 0.90 *******
End of epoch 80 / 100 	 Time Taken: 51 sec
10/09 09:26:00 PM ******* Epoch 81, Train CE Loss 0.71, Val CE Loss 0.71, Train ACC 0.84, Val ACC 0.91 *******
End of epoch 81 / 100 	 Time Taken: 51 sec
10/09 09:26:51 PM ******* Epoch 82, Train CE Loss 0.72, Val CE Loss 0.70, Train ACC 0.83, Val ACC 0.89 *******
End of epoch 82 / 100 	 Time Taken: 51 sec
10/09 09:27:42 PM ******* Epoch 83, Train CE Loss 0.71, Val CE Loss 0.70, Train ACC 0.84, Val ACC 0.89 *******
End of epoch 83 / 100 	 Time Taken: 50 sec
10/09 09:28:34 PM ******* Epoch 84, Train CE Loss 0.75, Val CE Loss 0.75, Train ACC 0.80, Val ACC 0.84 *******
End of epoch 84 / 100 	 Time Taken: 52 sec
10/09 09:29:25 PM ******* Epoch 85, Train CE Loss 0.75, Val CE Loss 0.71, Train ACC 0.81, Val ACC 0.89 *******
End of epoch 85 / 100 	 Time Taken: 50 sec
10/09 09:30:15 PM ******* Epoch 86, Train CE Loss 0.71, Val CE Loss 0.70, Train ACC 0.84, Val ACC 0.90 *******
End of epoch 86 / 100 	 Time Taken: 50 sec
10/09 09:31:07 PM ******* Epoch 87, Train CE Loss 0.70, Val CE Loss 0.70, Train ACC 0.85, Val ACC 0.89 *******
End of epoch 87 / 100 	 Time Taken: 51 sec
10/09 09:31:58 PM ******* Epoch 88, Train CE Loss 0.74, Val CE Loss 0.71, Train ACC 0.80, Val ACC 0.89 *******
End of epoch 88 / 100 	 Time Taken: 51 sec
10/09 09:32:49 PM ******* Epoch 89, Train CE Loss 0.74, Val CE Loss 0.72, Train ACC 0.80, Val ACC 0.89 *******
End of epoch 89 / 100 	 Time Taken: 50 sec
10/09 09:33:39 PM ******* Epoch 90, Train CE Loss 0.74, Val CE Loss 0.71, Train ACC 0.81, Val ACC 0.88 *******
End of epoch 90 / 100 	 Time Taken: 50 sec
10/09 09:34:31 PM ******* Epoch 91, Train CE Loss 0.75, Val CE Loss 0.72, Train ACC 0.80, Val ACC 0.88 *******
End of epoch 91 / 100 	 Time Taken: 51 sec
10/09 09:35:23 PM ******* Epoch 92, Train CE Loss 0.73, Val CE Loss 0.71, Train ACC 0.82, Val ACC 0.89 *******
End of epoch 92 / 100 	 Time Taken: 52 sec
10/09 09:36:13 PM ******* Epoch 93, Train CE Loss 0.74, Val CE Loss 0.71, Train ACC 0.80, Val ACC 0.88 *******
End of epoch 93 / 100 	 Time Taken: 50 sec
10/09 09:37:06 PM ******* Epoch 94, Train CE Loss 0.73, Val CE Loss 0.71, Train ACC 0.83, Val ACC 0.87 *******
End of epoch 94 / 100 	 Time Taken: 52 sec
10/09 09:37:56 PM ******* Epoch 95, Train CE Loss 0.72, Val CE Loss 0.71, Train ACC 0.82, Val ACC 0.90 *******
End of epoch 95 / 100 	 Time Taken: 50 sec
10/09 09:38:47 PM ******* Epoch 96, Train CE Loss 0.70, Val CE Loss 0.71, Train ACC 0.85, Val ACC 0.88 *******
End of epoch 96 / 100 	 Time Taken: 51 sec
10/09 09:39:38 PM ******* Epoch 97, Train CE Loss 0.74, Val CE Loss 0.73, Train ACC 0.80, Val ACC 0.87 *******
End of epoch 97 / 100 	 Time Taken: 50 sec
10/09 09:40:29 PM ******* Epoch 98, Train CE Loss 0.70, Val CE Loss 0.71, Train ACC 0.85, Val ACC 0.88 *******
End of epoch 98 / 100 	 Time Taken: 50 sec
10/09 09:41:20 PM ******* Epoch 99, Train CE Loss 0.73, Val CE Loss 0.71, Train ACC 0.83, Val ACC 0.88 *******
End of epoch 99 / 100 	 Time Taken: 50 sec
10/09 09:42:12 PM ******* Epoch 100, Train CE Loss 0.72, Val CE Loss 0.72, Train ACC 0.83, Val ACC 0.90 *******
End of epoch 100 / 100 	 Time Taken: 51 sec
10/09 09:42:19 PM ******* Classification Report last_val:*******
10/09 09:42:19 PM               precision    recall  f1-score   support

          CN       0.85      0.63      0.72        27
         MCI       0.90      0.96      0.93       130
          AD       0.92      0.85      0.88        27

    accuracy                           0.90       184
   macro avg       0.89      0.81      0.85       184
weighted avg       0.90      0.90      0.89       184

10/09 09:42:19 PM ******* Classification Spe 0.81:*******
10/09 09:42:26 PM ******* Classification Report last_in_test:*******
10/09 09:42:26 PM               precision    recall  f1-score   support

          CN       0.61      0.39      0.48        28
         MCI       0.86      0.95      0.90       131
          AD       1.00      0.85      0.92        26

    accuracy                           0.85       185
   macro avg       0.82      0.73      0.76       185
weighted avg       0.84      0.85      0.84       185

10/09 09:42:26 PM ******* Classification Spe 0.72:*******
10/09 09:42:26 PM *******Again Last Epoch 100,  Val ACC 0.90, In Test ACC 0.85 *******
10/09 09:42:33 PM ******* Classification Report best_in_test:*******
10/09 09:42:33 PM               precision    recall  f1-score   support

          CN       0.65      0.39      0.49        28
         MCI       0.86      0.95      0.90       131
          AD       1.00      0.85      0.92        26

    accuracy                           0.85       185
   macro avg       0.83      0.73      0.77       185
weighted avg       0.84      0.85      0.84       185

10/09 09:42:33 PM ******* Classification Spe 0.72:*******
10/09 09:42:33 PM ******* Best Epoch 81, Train ACC 0.84, Val MAE 0.91, In Test MAE 0.85 *******
**** Exp 0 Finished Training! ****
Mon Oct  9 21:42:40 CST 2023
